

Started GET "/microposts" for 127.0.0.1 at 2014-02-09 21:50:17 -0600

ActionController::RoutingError (No route matches [GET] "/microposts"):
  actionpack (4.0.2) lib/action_dispatch/middleware/debug_exceptions.rb:21:in `call'
  actionpack (4.0.2) lib/action_dispatch/middleware/show_exceptions.rb:30:in `call'
  railties (4.0.2) lib/rails/rack/logger.rb:38:in `call_app'
  railties (4.0.2) lib/rails/rack/logger.rb:20:in `block in call'
  activesupport (4.0.2) lib/active_support/tagged_logging.rb:67:in `block in tagged'
  activesupport (4.0.2) lib/active_support/tagged_logging.rb:25:in `tagged'
  activesupport (4.0.2) lib/active_support/tagged_logging.rb:67:in `tagged'
  railties (4.0.2) lib/rails/rack/logger.rb:20:in `call'
  actionpack (4.0.2) lib/action_dispatch/middleware/request_id.rb:21:in `call'
  rack (1.5.2) lib/rack/methodoverride.rb:21:in `call'
  rack (1.5.2) lib/rack/runtime.rb:17:in `call'
  activesupport (4.0.2) lib/active_support/cache/strategy/local_cache.rb:83:in `call'
  rack (1.5.2) lib/rack/lock.rb:17:in `call'
  actionpack (4.0.2) lib/action_dispatch/middleware/static.rb:64:in `call'
  rack (1.5.2) lib/rack/sendfile.rb:112:in `call'
  railties (4.0.2) lib/rails/engine.rb:511:in `call'
  railties (4.0.2) lib/rails/application.rb:97:in `call'
  rack (1.5.2) lib/rack/lock.rb:17:in `call'
  rack (1.5.2) lib/rack/content_length.rb:14:in `call'
  rack (1.5.2) lib/rack/handler/webrick.rb:60:in `service'
  /Users/Sui/.rvm/rubies/ruby-2.0.0-p353/lib/ruby/2.0.0/webrick/httpserver.rb:138:in `service'
  /Users/Sui/.rvm/rubies/ruby-2.0.0-p353/lib/ruby/2.0.0/webrick/httpserver.rb:94:in `run'
  /Users/Sui/.rvm/rubies/ruby-2.0.0-p353/lib/ruby/2.0.0/webrick/server.rb:295:in `block in start_thread'


  Rendered /Users/Sui/.rvm/gems/ruby-2.0.0-p353@railstutorial_rails_4_0/gems/actionpack-4.0.2/lib/action_dispatch/middleware/templates/rescues/_trace.erb (0.8ms)
  Rendered /Users/Sui/.rvm/gems/ruby-2.0.0-p353@railstutorial_rails_4_0/gems/actionpack-4.0.2/lib/action_dispatch/middleware/templates/routes/_route.html.erb (0.9ms)
  Rendered /Users/Sui/.rvm/gems/ruby-2.0.0-p353@railstutorial_rails_4_0/gems/actionpack-4.0.2/lib/action_dispatch/middleware/templates/routes/_table.html.erb (4.3ms)
  Rendered /Users/Sui/.rvm/gems/ruby-2.0.0-p353@railstutorial_rails_4_0/gems/actionpack-4.0.2/lib/action_dispatch/middleware/templates/rescues/routing_error.erb within rescues/layout (24.8ms)


Started GET "/static_pages" for 127.0.0.1 at 2014-02-09 21:50:33 -0600

ActionController::RoutingError (No route matches [GET] "/static_pages"):
  actionpack (4.0.2) lib/action_dispatch/middleware/debug_exceptions.rb:21:in `call'
  actionpack (4.0.2) lib/action_dispatch/middleware/show_exceptions.rb:30:in `call'
  railties (4.0.2) lib/rails/rack/logger.rb:38:in `call_app'
  railties (4.0.2) lib/rails/rack/logger.rb:20:in `block in call'
  activesupport (4.0.2) lib/active_support/tagged_logging.rb:67:in `block in tagged'
  activesupport (4.0.2) lib/active_support/tagged_logging.rb:25:in `tagged'
  activesupport (4.0.2) lib/active_support/tagged_logging.rb:67:in `tagged'
  railties (4.0.2) lib/rails/rack/logger.rb:20:in `call'
  actionpack (4.0.2) lib/action_dispatch/middleware/request_id.rb:21:in `call'
  rack (1.5.2) lib/rack/methodoverride.rb:21:in `call'
  rack (1.5.2) lib/rack/runtime.rb:17:in `call'
  activesupport (4.0.2) lib/active_support/cache/strategy/local_cache.rb:83:in `call'
  rack (1.5.2) lib/rack/lock.rb:17:in `call'
  actionpack (4.0.2) lib/action_dispatch/middleware/static.rb:64:in `call'
  rack (1.5.2) lib/rack/sendfile.rb:112:in `call'
  railties (4.0.2) lib/rails/engine.rb:511:in `call'
  railties (4.0.2) lib/rails/application.rb:97:in `call'
  rack (1.5.2) lib/rack/lock.rb:17:in `call'
  rack (1.5.2) lib/rack/content_length.rb:14:in `call'
  rack (1.5.2) lib/rack/handler/webrick.rb:60:in `service'
  /Users/Sui/.rvm/rubies/ruby-2.0.0-p353/lib/ruby/2.0.0/webrick/httpserver.rb:138:in `service'
  /Users/Sui/.rvm/rubies/ruby-2.0.0-p353/lib/ruby/2.0.0/webrick/httpserver.rb:94:in `run'
  /Users/Sui/.rvm/rubies/ruby-2.0.0-p353/lib/ruby/2.0.0/webrick/server.rb:295:in `block in start_thread'


  Rendered /Users/Sui/.rvm/gems/ruby-2.0.0-p353@railstutorial_rails_4_0/gems/actionpack-4.0.2/lib/action_dispatch/middleware/templates/rescues/_trace.erb (0.7ms)
  Rendered /Users/Sui/.rvm/gems/ruby-2.0.0-p353@railstutorial_rails_4_0/gems/actionpack-4.0.2/lib/action_dispatch/middleware/templates/routes/_route.html.erb (0.5ms)
  Rendered /Users/Sui/.rvm/gems/ruby-2.0.0-p353@railstutorial_rails_4_0/gems/actionpack-4.0.2/lib/action_dispatch/middleware/templates/routes/_table.html.erb (0.7ms)
  Rendered /Users/Sui/.rvm/gems/ruby-2.0.0-p353@railstutorial_rails_4_0/gems/actionpack-4.0.2/lib/action_dispatch/middleware/templates/rescues/routing_error.erb within rescues/layout (12.2ms)


Started GET "/static_pages/home" for 127.0.0.1 at 2014-02-09 21:50:39 -0600
Processing by StaticPagesController#home as HTML
  Rendered static_pages/home.html.erb within layouts/application (0.4ms)
Completed 200 OK in 495ms (Views: 494.0ms | ActiveRecord: 0.0ms)


Started GET "/assets/application.css?body=1" for 127.0.0.1 at 2014-02-09 21:50:39 -0600


Started GET "/assets/static_pages.css?body=1" for 127.0.0.1 at 2014-02-09 21:50:39 -0600


Started GET "/assets/jquery.js?body=1" for 127.0.0.1 at 2014-02-09 21:50:39 -0600


Started GET "/assets/jquery_ujs.js?body=1" for 127.0.0.1 at 2014-02-09 21:50:39 -0600


Started GET "/assets/turbolinks.js?body=1" for 127.0.0.1 at 2014-02-09 21:50:39 -0600


Started GET "/assets/application.js?body=1" for 127.0.0.1 at 2014-02-09 21:50:39 -0600


Started GET "/assets/static_pages.js?body=1" for 127.0.0.1 at 2014-02-09 21:50:39 -0600


Started GET "/" for 127.0.0.1 at 2014-02-09 23:57:33 -0600
Processing by Rails::WelcomeController#index as HTML
  Rendered /Users/Sui/.rvm/gems/ruby-2.0.0-p353@railstutorial_rails_4_0/gems/railties-4.0.2/lib/rails/templates/rails/welcome/index.html.erb (1.3ms)
Completed 200 OK in 7ms (Views: 6.4ms | ActiveRecord: 0.0ms)


Started GET "/static_pages" for 127.0.0.1 at 2014-02-09 23:57:43 -0600

ActionController::RoutingError (No route matches [GET] "/static_pages"):
  actionpack (4.0.2) lib/action_dispatch/middleware/debug_exceptions.rb:21:in `call'
  actionpack (4.0.2) lib/action_dispatch/middleware/show_exceptions.rb:30:in `call'
  railties (4.0.2) lib/rails/rack/logger.rb:38:in `call_app'
  railties (4.0.2) lib/rails/rack/logger.rb:20:in `block in call'
  activesupport (4.0.2) lib/active_support/tagged_logging.rb:67:in `block in tagged'
  activesupport (4.0.2) lib/active_support/tagged_logging.rb:25:in `tagged'
  activesupport (4.0.2) lib/active_support/tagged_logging.rb:67:in `tagged'
  railties (4.0.2) lib/rails/rack/logger.rb:20:in `call'
  actionpack (4.0.2) lib/action_dispatch/middleware/request_id.rb:21:in `call'
  rack (1.5.2) lib/rack/methodoverride.rb:21:in `call'
  rack (1.5.2) lib/rack/runtime.rb:17:in `call'
  activesupport (4.0.2) lib/active_support/cache/strategy/local_cache.rb:83:in `call'
  rack (1.5.2) lib/rack/lock.rb:17:in `call'
  actionpack (4.0.2) lib/action_dispatch/middleware/static.rb:64:in `call'
  rack (1.5.2) lib/rack/sendfile.rb:112:in `call'
  railties (4.0.2) lib/rails/engine.rb:511:in `call'
  railties (4.0.2) lib/rails/application.rb:97:in `call'
  rack (1.5.2) lib/rack/lock.rb:17:in `call'
  rack (1.5.2) lib/rack/content_length.rb:14:in `call'
  rack (1.5.2) lib/rack/handler/webrick.rb:60:in `service'
  /Users/Sui/.rvm/rubies/ruby-2.0.0-p353/lib/ruby/2.0.0/webrick/httpserver.rb:138:in `service'
  /Users/Sui/.rvm/rubies/ruby-2.0.0-p353/lib/ruby/2.0.0/webrick/httpserver.rb:94:in `run'
  /Users/Sui/.rvm/rubies/ruby-2.0.0-p353/lib/ruby/2.0.0/webrick/server.rb:295:in `block in start_thread'


  Rendered /Users/Sui/.rvm/gems/ruby-2.0.0-p353@railstutorial_rails_4_0/gems/actionpack-4.0.2/lib/action_dispatch/middleware/templates/rescues/_trace.erb (0.8ms)
  Rendered /Users/Sui/.rvm/gems/ruby-2.0.0-p353@railstutorial_rails_4_0/gems/actionpack-4.0.2/lib/action_dispatch/middleware/templates/routes/_route.html.erb (0.7ms)
  Rendered /Users/Sui/.rvm/gems/ruby-2.0.0-p353@railstutorial_rails_4_0/gems/actionpack-4.0.2/lib/action_dispatch/middleware/templates/routes/_table.html.erb (5.0ms)
  Rendered /Users/Sui/.rvm/gems/ruby-2.0.0-p353@railstutorial_rails_4_0/gems/actionpack-4.0.2/lib/action_dispatch/middleware/templates/rescues/routing_error.erb within rescues/layout (22.8ms)


Started GET "/static_pages/about" for 127.0.0.1 at 2014-02-09 23:57:52 -0600
Processing by StaticPagesController#about as HTML
  Rendered static_pages/about.html.erb within layouts/application (0.3ms)
Completed 200 OK in 63ms (Views: 62.7ms | ActiveRecord: 0.0ms)


Started GET "/assets/application.css?body=1" for 127.0.0.1 at 2014-02-09 23:57:52 -0600


Started GET "/assets/static_pages.css?body=1" for 127.0.0.1 at 2014-02-09 23:57:52 -0600


Started GET "/assets/jquery.js?body=1" for 127.0.0.1 at 2014-02-09 23:57:52 -0600


Started GET "/assets/application.js?body=1" for 127.0.0.1 at 2014-02-09 23:57:52 -0600


Started GET "/assets/jquery_ujs.js?body=1" for 127.0.0.1 at 2014-02-09 23:57:52 -0600


Started GET "/assets/turbolinks.js?body=1" for 127.0.0.1 at 2014-02-09 23:57:52 -0600


Started GET "/assets/static_pages.js?body=1" for 127.0.0.1 at 2014-02-09 23:57:52 -0600
  [1m[36m (240.8ms)[0m  [1mDROP DATABASE IF EXISTS "Sui"[0m
  [1m[35m (323.1ms)[0m  CREATE DATABASE "Sui" ENCODING = 'unicode'
  [1m[36m (4.2ms)[0m  [1mCREATE TABLE "schema_migrations" ("version" character varying(255) NOT NULL) [0m
  [1m[35m (1.5ms)[0m  CREATE UNIQUE INDEX "unique_schema_migrations" ON "schema_migrations" ("version")
  [1m[36mActiveRecord::SchemaMigration Load (0.3ms)[0m  [1mSELECT "schema_migrations".* FROM "schema_migrations"[0m
  [1m[36m (113.1ms)[0m  [1mDROP DATABASE IF EXISTS "Sui"[0m
  [1m[35m (234.7ms)[0m  CREATE DATABASE "Sui" ENCODING = 'unicode'
  [1m[36mSQL (1.8ms)[0m  [1mCREATE EXTENSION IF NOT EXISTS "plpgsql"[0m
  [1m[35m (2.5ms)[0m  CREATE TABLE "schema_migrations" ("version" character varying(255) NOT NULL) 
  [1m[36m (1.9ms)[0m  [1mCREATE UNIQUE INDEX "unique_schema_migrations" ON "schema_migrations" ("version")[0m
  [1m[35m (0.4ms)[0m  SELECT version FROM "schema_migrations"
  [1m[36m (0.7ms)[0m  [1mINSERT INTO "schema_migrations" (version) VALUES ('0')[0m
  [1m[35mActiveRecord::SchemaMigration Load (0.2ms)[0m  SELECT "schema_migrations".* FROM "schema_migrations"


Started GET "/assets/application.css" for 127.0.0.1 at 2014-02-18 00:42:26 -0600


Started GET "/" for 127.0.0.1 at 2014-02-24 19:14:54 -0600

PG::Error (could not connect to server: No such file or directory
	Is the server running locally and accepting
	connections on Unix domain socket "/tmp/.s.PGSQL.5432"?
):
  activerecord (4.0.2) lib/active_record/connection_adapters/postgresql_adapter.rb:831:in `initialize'
  activerecord (4.0.2) lib/active_record/connection_adapters/postgresql_adapter.rb:831:in `new'
  activerecord (4.0.2) lib/active_record/connection_adapters/postgresql_adapter.rb:831:in `connect'
  activerecord (4.0.2) lib/active_record/connection_adapters/postgresql_adapter.rb:548:in `initialize'
  activerecord (4.0.2) lib/active_record/connection_adapters/postgresql_adapter.rb:41:in `new'
  activerecord (4.0.2) lib/active_record/connection_adapters/postgresql_adapter.rb:41:in `postgresql_connection'
  activerecord (4.0.2) lib/active_record/connection_adapters/abstract/connection_pool.rb:440:in `new_connection'
  activerecord (4.0.2) lib/active_record/connection_adapters/abstract/connection_pool.rb:450:in `checkout_new_connection'
  activerecord (4.0.2) lib/active_record/connection_adapters/abstract/connection_pool.rb:421:in `acquire_connection'
  activerecord (4.0.2) lib/active_record/connection_adapters/abstract/connection_pool.rb:356:in `block in checkout'
  /Users/Sui/.rvm/rubies/ruby-2.0.0-p353/lib/ruby/2.0.0/monitor.rb:211:in `mon_synchronize'
  activerecord (4.0.2) lib/active_record/connection_adapters/abstract/connection_pool.rb:355:in `checkout'
  activerecord (4.0.2) lib/active_record/connection_adapters/abstract/connection_pool.rb:265:in `block in connection'
  /Users/Sui/.rvm/rubies/ruby-2.0.0-p353/lib/ruby/2.0.0/monitor.rb:211:in `mon_synchronize'
  activerecord (4.0.2) lib/active_record/connection_adapters/abstract/connection_pool.rb:264:in `connection'
  activerecord (4.0.2) lib/active_record/connection_adapters/abstract/connection_pool.rb:546:in `retrieve_connection'
  activerecord (4.0.2) lib/active_record/connection_handling.rb:79:in `retrieve_connection'
  activerecord (4.0.2) lib/active_record/connection_handling.rb:53:in `connection'
  activerecord (4.0.2) lib/active_record/query_cache.rb:51:in `restore_query_cache_settings'
  activerecord (4.0.2) lib/active_record/query_cache.rb:43:in `rescue in call'
  activerecord (4.0.2) lib/active_record/query_cache.rb:32:in `call'
  activerecord (4.0.2) lib/active_record/connection_adapters/abstract/connection_pool.rb:626:in `call'
  activerecord (4.0.2) lib/active_record/migration.rb:369:in `call'
  actionpack (4.0.2) lib/action_dispatch/middleware/callbacks.rb:29:in `block in call'
  activesupport (4.0.2) lib/active_support/callbacks.rb:373:in `_run__2401686495262542570__call__callbacks'
  activesupport (4.0.2) lib/active_support/callbacks.rb:80:in `run_callbacks'
  actionpack (4.0.2) lib/action_dispatch/middleware/callbacks.rb:27:in `call'
  actionpack (4.0.2) lib/action_dispatch/middleware/reloader.rb:64:in `call'
  actionpack (4.0.2) lib/action_dispatch/middleware/remote_ip.rb:76:in `call'
  actionpack (4.0.2) lib/action_dispatch/middleware/debug_exceptions.rb:17:in `call'
  actionpack (4.0.2) lib/action_dispatch/middleware/show_exceptions.rb:30:in `call'
  railties (4.0.2) lib/rails/rack/logger.rb:38:in `call_app'
  railties (4.0.2) lib/rails/rack/logger.rb:20:in `block in call'
  activesupport (4.0.2) lib/active_support/tagged_logging.rb:67:in `block in tagged'
  activesupport (4.0.2) lib/active_support/tagged_logging.rb:25:in `tagged'
  activesupport (4.0.2) lib/active_support/tagged_logging.rb:67:in `tagged'
  railties (4.0.2) lib/rails/rack/logger.rb:20:in `call'
  actionpack (4.0.2) lib/action_dispatch/middleware/request_id.rb:21:in `call'
  rack (1.5.2) lib/rack/methodoverride.rb:21:in `call'
  rack (1.5.2) lib/rack/runtime.rb:17:in `call'
  activesupport (4.0.2) lib/active_support/cache/strategy/local_cache.rb:83:in `call'
  rack (1.5.2) lib/rack/lock.rb:17:in `call'
  actionpack (4.0.2) lib/action_dispatch/middleware/static.rb:64:in `call'
  rack (1.5.2) lib/rack/sendfile.rb:112:in `call'
  railties (4.0.2) lib/rails/engine.rb:511:in `call'
  railties (4.0.2) lib/rails/application.rb:97:in `call'
  rack (1.5.2) lib/rack/lock.rb:17:in `call'
  rack (1.5.2) lib/rack/content_length.rb:14:in `call'
  rack (1.5.2) lib/rack/handler/webrick.rb:60:in `service'
  /Users/Sui/.rvm/rubies/ruby-2.0.0-p353/lib/ruby/2.0.0/webrick/httpserver.rb:138:in `service'
  /Users/Sui/.rvm/rubies/ruby-2.0.0-p353/lib/ruby/2.0.0/webrick/httpserver.rb:94:in `run'
  /Users/Sui/.rvm/rubies/ruby-2.0.0-p353/lib/ruby/2.0.0/webrick/server.rb:295:in `block in start_thread'


  Rendered /Users/Sui/.rvm/gems/ruby-2.0.0-p353@railstutorial_rails_4_0/gems/actionpack-4.0.2/lib/action_dispatch/middleware/templates/rescues/_source.erb (0.5ms)
  Rendered /Users/Sui/.rvm/gems/ruby-2.0.0-p353@railstutorial_rails_4_0/gems/actionpack-4.0.2/lib/action_dispatch/middleware/templates/rescues/_trace.erb (1.1ms)
  Rendered /Users/Sui/.rvm/gems/ruby-2.0.0-p353@railstutorial_rails_4_0/gems/actionpack-4.0.2/lib/action_dispatch/middleware/templates/rescues/_request_and_response.erb (1.1ms)
  Rendered /Users/Sui/.rvm/gems/ruby-2.0.0-p353@railstutorial_rails_4_0/gems/actionpack-4.0.2/lib/action_dispatch/middleware/templates/rescues/diagnostics.erb within rescues/layout (19.6ms)


Started GET "/home" for 127.0.0.1 at 2014-02-24 19:15:05 -0600

PG::Error (could not connect to server: No such file or directory
	Is the server running locally and accepting
	connections on Unix domain socket "/tmp/.s.PGSQL.5432"?
):
  activerecord (4.0.2) lib/active_record/connection_adapters/postgresql_adapter.rb:831:in `initialize'
  activerecord (4.0.2) lib/active_record/connection_adapters/postgresql_adapter.rb:831:in `new'
  activerecord (4.0.2) lib/active_record/connection_adapters/postgresql_adapter.rb:831:in `connect'
  activerecord (4.0.2) lib/active_record/connection_adapters/postgresql_adapter.rb:548:in `initialize'
  activerecord (4.0.2) lib/active_record/connection_adapters/postgresql_adapter.rb:41:in `new'
  activerecord (4.0.2) lib/active_record/connection_adapters/postgresql_adapter.rb:41:in `postgresql_connection'
  activerecord (4.0.2) lib/active_record/connection_adapters/abstract/connection_pool.rb:440:in `new_connection'
  activerecord (4.0.2) lib/active_record/connection_adapters/abstract/connection_pool.rb:450:in `checkout_new_connection'
  activerecord (4.0.2) lib/active_record/connection_adapters/abstract/connection_pool.rb:421:in `acquire_connection'
  activerecord (4.0.2) lib/active_record/connection_adapters/abstract/connection_pool.rb:356:in `block in checkout'
  /Users/Sui/.rvm/rubies/ruby-2.0.0-p353/lib/ruby/2.0.0/monitor.rb:211:in `mon_synchronize'
  activerecord (4.0.2) lib/active_record/connection_adapters/abstract/connection_pool.rb:355:in `checkout'
  activerecord (4.0.2) lib/active_record/connection_adapters/abstract/connection_pool.rb:265:in `block in connection'
  /Users/Sui/.rvm/rubies/ruby-2.0.0-p353/lib/ruby/2.0.0/monitor.rb:211:in `mon_synchronize'
  activerecord (4.0.2) lib/active_record/connection_adapters/abstract/connection_pool.rb:264:in `connection'
  activerecord (4.0.2) lib/active_record/connection_adapters/abstract/connection_pool.rb:546:in `retrieve_connection'
  activerecord (4.0.2) lib/active_record/connection_handling.rb:79:in `retrieve_connection'
  activerecord (4.0.2) lib/active_record/connection_handling.rb:53:in `connection'
  activerecord (4.0.2) lib/active_record/query_cache.rb:51:in `restore_query_cache_settings'
  activerecord (4.0.2) lib/active_record/query_cache.rb:43:in `rescue in call'
  activerecord (4.0.2) lib/active_record/query_cache.rb:32:in `call'
  activerecord (4.0.2) lib/active_record/connection_adapters/abstract/connection_pool.rb:626:in `call'
  activerecord (4.0.2) lib/active_record/migration.rb:369:in `call'
  actionpack (4.0.2) lib/action_dispatch/middleware/callbacks.rb:29:in `block in call'
  activesupport (4.0.2) lib/active_support/callbacks.rb:373:in `_run__2401686495262542570__call__callbacks'
  activesupport (4.0.2) lib/active_support/callbacks.rb:80:in `run_callbacks'
  actionpack (4.0.2) lib/action_dispatch/middleware/callbacks.rb:27:in `call'
  actionpack (4.0.2) lib/action_dispatch/middleware/reloader.rb:64:in `call'
  actionpack (4.0.2) lib/action_dispatch/middleware/remote_ip.rb:76:in `call'
  actionpack (4.0.2) lib/action_dispatch/middleware/debug_exceptions.rb:17:in `call'
  actionpack (4.0.2) lib/action_dispatch/middleware/show_exceptions.rb:30:in `call'
  railties (4.0.2) lib/rails/rack/logger.rb:38:in `call_app'
  railties (4.0.2) lib/rails/rack/logger.rb:20:in `block in call'
  activesupport (4.0.2) lib/active_support/tagged_logging.rb:67:in `block in tagged'
  activesupport (4.0.2) lib/active_support/tagged_logging.rb:25:in `tagged'
  activesupport (4.0.2) lib/active_support/tagged_logging.rb:67:in `tagged'
  railties (4.0.2) lib/rails/rack/logger.rb:20:in `call'
  actionpack (4.0.2) lib/action_dispatch/middleware/request_id.rb:21:in `call'
  rack (1.5.2) lib/rack/methodoverride.rb:21:in `call'
  rack (1.5.2) lib/rack/runtime.rb:17:in `call'
  activesupport (4.0.2) lib/active_support/cache/strategy/local_cache.rb:83:in `call'
  rack (1.5.2) lib/rack/lock.rb:17:in `call'
  actionpack (4.0.2) lib/action_dispatch/middleware/static.rb:64:in `call'
  rack (1.5.2) lib/rack/sendfile.rb:112:in `call'
  railties (4.0.2) lib/rails/engine.rb:511:in `call'
  railties (4.0.2) lib/rails/application.rb:97:in `call'
  rack (1.5.2) lib/rack/lock.rb:17:in `call'
  rack (1.5.2) lib/rack/content_length.rb:14:in `call'
  rack (1.5.2) lib/rack/handler/webrick.rb:60:in `service'
  /Users/Sui/.rvm/rubies/ruby-2.0.0-p353/lib/ruby/2.0.0/webrick/httpserver.rb:138:in `service'
  /Users/Sui/.rvm/rubies/ruby-2.0.0-p353/lib/ruby/2.0.0/webrick/httpserver.rb:94:in `run'
  /Users/Sui/.rvm/rubies/ruby-2.0.0-p353/lib/ruby/2.0.0/webrick/server.rb:295:in `block in start_thread'


  Rendered /Users/Sui/.rvm/gems/ruby-2.0.0-p353@railstutorial_rails_4_0/gems/actionpack-4.0.2/lib/action_dispatch/middleware/templates/rescues/_source.erb (0.5ms)
  Rendered /Users/Sui/.rvm/gems/ruby-2.0.0-p353@railstutorial_rails_4_0/gems/actionpack-4.0.2/lib/action_dispatch/middleware/templates/rescues/_trace.erb (0.8ms)
  Rendered /Users/Sui/.rvm/gems/ruby-2.0.0-p353@railstutorial_rails_4_0/gems/actionpack-4.0.2/lib/action_dispatch/middleware/templates/rescues/_request_and_response.erb (0.8ms)
  Rendered /Users/Sui/.rvm/gems/ruby-2.0.0-p353@railstutorial_rails_4_0/gems/actionpack-4.0.2/lib/action_dispatch/middleware/templates/rescues/diagnostics.erb within rescues/layout (12.7ms)


Started GET "/static_pages/" for 127.0.0.1 at 2014-02-24 19:15:20 -0600

PG::Error (could not connect to server: No such file or directory
	Is the server running locally and accepting
	connections on Unix domain socket "/tmp/.s.PGSQL.5432"?
):
  activerecord (4.0.2) lib/active_record/connection_adapters/postgresql_adapter.rb:831:in `initialize'
  activerecord (4.0.2) lib/active_record/connection_adapters/postgresql_adapter.rb:831:in `new'
  activerecord (4.0.2) lib/active_record/connection_adapters/postgresql_adapter.rb:831:in `connect'
  activerecord (4.0.2) lib/active_record/connection_adapters/postgresql_adapter.rb:548:in `initialize'
  activerecord (4.0.2) lib/active_record/connection_adapters/postgresql_adapter.rb:41:in `new'
  activerecord (4.0.2) lib/active_record/connection_adapters/postgresql_adapter.rb:41:in `postgresql_connection'
  activerecord (4.0.2) lib/active_record/connection_adapters/abstract/connection_pool.rb:440:in `new_connection'
  activerecord (4.0.2) lib/active_record/connection_adapters/abstract/connection_pool.rb:450:in `checkout_new_connection'
  activerecord (4.0.2) lib/active_record/connection_adapters/abstract/connection_pool.rb:421:in `acquire_connection'
  activerecord (4.0.2) lib/active_record/connection_adapters/abstract/connection_pool.rb:356:in `block in checkout'
  /Users/Sui/.rvm/rubies/ruby-2.0.0-p353/lib/ruby/2.0.0/monitor.rb:211:in `mon_synchronize'
  activerecord (4.0.2) lib/active_record/connection_adapters/abstract/connection_pool.rb:355:in `checkout'
  activerecord (4.0.2) lib/active_record/connection_adapters/abstract/connection_pool.rb:265:in `block in connection'
  /Users/Sui/.rvm/rubies/ruby-2.0.0-p353/lib/ruby/2.0.0/monitor.rb:211:in `mon_synchronize'
  activerecord (4.0.2) lib/active_record/connection_adapters/abstract/connection_pool.rb:264:in `connection'
  activerecord (4.0.2) lib/active_record/connection_adapters/abstract/connection_pool.rb:546:in `retrieve_connection'
  activerecord (4.0.2) lib/active_record/connection_handling.rb:79:in `retrieve_connection'
  activerecord (4.0.2) lib/active_record/connection_handling.rb:53:in `connection'
  activerecord (4.0.2) lib/active_record/query_cache.rb:51:in `restore_query_cache_settings'
  activerecord (4.0.2) lib/active_record/query_cache.rb:43:in `rescue in call'
  activerecord (4.0.2) lib/active_record/query_cache.rb:32:in `call'
  activerecord (4.0.2) lib/active_record/connection_adapters/abstract/connection_pool.rb:626:in `call'
  activerecord (4.0.2) lib/active_record/migration.rb:369:in `call'
  actionpack (4.0.2) lib/action_dispatch/middleware/callbacks.rb:29:in `block in call'
  activesupport (4.0.2) lib/active_support/callbacks.rb:373:in `_run__2401686495262542570__call__callbacks'
  activesupport (4.0.2) lib/active_support/callbacks.rb:80:in `run_callbacks'
  actionpack (4.0.2) lib/action_dispatch/middleware/callbacks.rb:27:in `call'
  actionpack (4.0.2) lib/action_dispatch/middleware/reloader.rb:64:in `call'
  actionpack (4.0.2) lib/action_dispatch/middleware/remote_ip.rb:76:in `call'
  actionpack (4.0.2) lib/action_dispatch/middleware/debug_exceptions.rb:17:in `call'
  actionpack (4.0.2) lib/action_dispatch/middleware/show_exceptions.rb:30:in `call'
  railties (4.0.2) lib/rails/rack/logger.rb:38:in `call_app'
  railties (4.0.2) lib/rails/rack/logger.rb:20:in `block in call'
  activesupport (4.0.2) lib/active_support/tagged_logging.rb:67:in `block in tagged'
  activesupport (4.0.2) lib/active_support/tagged_logging.rb:25:in `tagged'
  activesupport (4.0.2) lib/active_support/tagged_logging.rb:67:in `tagged'
  railties (4.0.2) lib/rails/rack/logger.rb:20:in `call'
  actionpack (4.0.2) lib/action_dispatch/middleware/request_id.rb:21:in `call'
  rack (1.5.2) lib/rack/methodoverride.rb:21:in `call'
  rack (1.5.2) lib/rack/runtime.rb:17:in `call'
  activesupport (4.0.2) lib/active_support/cache/strategy/local_cache.rb:83:in `call'
  rack (1.5.2) lib/rack/lock.rb:17:in `call'
  actionpack (4.0.2) lib/action_dispatch/middleware/static.rb:64:in `call'
  rack (1.5.2) lib/rack/sendfile.rb:112:in `call'
  railties (4.0.2) lib/rails/engine.rb:511:in `call'
  railties (4.0.2) lib/rails/application.rb:97:in `call'
  rack (1.5.2) lib/rack/lock.rb:17:in `call'
  rack (1.5.2) lib/rack/content_length.rb:14:in `call'
  rack (1.5.2) lib/rack/handler/webrick.rb:60:in `service'
  /Users/Sui/.rvm/rubies/ruby-2.0.0-p353/lib/ruby/2.0.0/webrick/httpserver.rb:138:in `service'
  /Users/Sui/.rvm/rubies/ruby-2.0.0-p353/lib/ruby/2.0.0/webrick/httpserver.rb:94:in `run'
  /Users/Sui/.rvm/rubies/ruby-2.0.0-p353/lib/ruby/2.0.0/webrick/server.rb:295:in `block in start_thread'


  Rendered /Users/Sui/.rvm/gems/ruby-2.0.0-p353@railstutorial_rails_4_0/gems/actionpack-4.0.2/lib/action_dispatch/middleware/templates/rescues/_source.erb (0.4ms)
  Rendered /Users/Sui/.rvm/gems/ruby-2.0.0-p353@railstutorial_rails_4_0/gems/actionpack-4.0.2/lib/action_dispatch/middleware/templates/rescues/_trace.erb (0.7ms)
  Rendered /Users/Sui/.rvm/gems/ruby-2.0.0-p353@railstutorial_rails_4_0/gems/actionpack-4.0.2/lib/action_dispatch/middleware/templates/rescues/_request_and_response.erb (0.8ms)
  Rendered /Users/Sui/.rvm/gems/ruby-2.0.0-p353@railstutorial_rails_4_0/gems/actionpack-4.0.2/lib/action_dispatch/middleware/templates/rescues/diagnostics.erb within rescues/layout (11.9ms)


Started GET "/static_pages/home" for 127.0.0.1 at 2014-02-24 19:15:24 -0600

PG::Error (could not connect to server: No such file or directory
	Is the server running locally and accepting
	connections on Unix domain socket "/tmp/.s.PGSQL.5432"?
):
  activerecord (4.0.2) lib/active_record/connection_adapters/postgresql_adapter.rb:831:in `initialize'
  activerecord (4.0.2) lib/active_record/connection_adapters/postgresql_adapter.rb:831:in `new'
  activerecord (4.0.2) lib/active_record/connection_adapters/postgresql_adapter.rb:831:in `connect'
  activerecord (4.0.2) lib/active_record/connection_adapters/postgresql_adapter.rb:548:in `initialize'
  activerecord (4.0.2) lib/active_record/connection_adapters/postgresql_adapter.rb:41:in `new'
  activerecord (4.0.2) lib/active_record/connection_adapters/postgresql_adapter.rb:41:in `postgresql_connection'
  activerecord (4.0.2) lib/active_record/connection_adapters/abstract/connection_pool.rb:440:in `new_connection'
  activerecord (4.0.2) lib/active_record/connection_adapters/abstract/connection_pool.rb:450:in `checkout_new_connection'
  activerecord (4.0.2) lib/active_record/connection_adapters/abstract/connection_pool.rb:421:in `acquire_connection'
  activerecord (4.0.2) lib/active_record/connection_adapters/abstract/connection_pool.rb:356:in `block in checkout'
  /Users/Sui/.rvm/rubies/ruby-2.0.0-p353/lib/ruby/2.0.0/monitor.rb:211:in `mon_synchronize'
  activerecord (4.0.2) lib/active_record/connection_adapters/abstract/connection_pool.rb:355:in `checkout'
  activerecord (4.0.2) lib/active_record/connection_adapters/abstract/connection_pool.rb:265:in `block in connection'
  /Users/Sui/.rvm/rubies/ruby-2.0.0-p353/lib/ruby/2.0.0/monitor.rb:211:in `mon_synchronize'
  activerecord (4.0.2) lib/active_record/connection_adapters/abstract/connection_pool.rb:264:in `connection'
  activerecord (4.0.2) lib/active_record/connection_adapters/abstract/connection_pool.rb:546:in `retrieve_connection'
  activerecord (4.0.2) lib/active_record/connection_handling.rb:79:in `retrieve_connection'
  activerecord (4.0.2) lib/active_record/connection_handling.rb:53:in `connection'
  activerecord (4.0.2) lib/active_record/query_cache.rb:51:in `restore_query_cache_settings'
  activerecord (4.0.2) lib/active_record/query_cache.rb:43:in `rescue in call'
  activerecord (4.0.2) lib/active_record/query_cache.rb:32:in `call'
  activerecord (4.0.2) lib/active_record/connection_adapters/abstract/connection_pool.rb:626:in `call'
  activerecord (4.0.2) lib/active_record/migration.rb:369:in `call'
  actionpack (4.0.2) lib/action_dispatch/middleware/callbacks.rb:29:in `block in call'
  activesupport (4.0.2) lib/active_support/callbacks.rb:373:in `_run__2401686495262542570__call__callbacks'
  activesupport (4.0.2) lib/active_support/callbacks.rb:80:in `run_callbacks'
  actionpack (4.0.2) lib/action_dispatch/middleware/callbacks.rb:27:in `call'
  actionpack (4.0.2) lib/action_dispatch/middleware/reloader.rb:64:in `call'
  actionpack (4.0.2) lib/action_dispatch/middleware/remote_ip.rb:76:in `call'
  actionpack (4.0.2) lib/action_dispatch/middleware/debug_exceptions.rb:17:in `call'
  actionpack (4.0.2) lib/action_dispatch/middleware/show_exceptions.rb:30:in `call'
  railties (4.0.2) lib/rails/rack/logger.rb:38:in `call_app'
  railties (4.0.2) lib/rails/rack/logger.rb:20:in `block in call'
  activesupport (4.0.2) lib/active_support/tagged_logging.rb:67:in `block in tagged'
  activesupport (4.0.2) lib/active_support/tagged_logging.rb:25:in `tagged'
  activesupport (4.0.2) lib/active_support/tagged_logging.rb:67:in `tagged'
  railties (4.0.2) lib/rails/rack/logger.rb:20:in `call'
  actionpack (4.0.2) lib/action_dispatch/middleware/request_id.rb:21:in `call'
  rack (1.5.2) lib/rack/methodoverride.rb:21:in `call'
  rack (1.5.2) lib/rack/runtime.rb:17:in `call'
  activesupport (4.0.2) lib/active_support/cache/strategy/local_cache.rb:83:in `call'
  rack (1.5.2) lib/rack/lock.rb:17:in `call'
  actionpack (4.0.2) lib/action_dispatch/middleware/static.rb:64:in `call'
  rack (1.5.2) lib/rack/sendfile.rb:112:in `call'
  railties (4.0.2) lib/rails/engine.rb:511:in `call'
  railties (4.0.2) lib/rails/application.rb:97:in `call'
  rack (1.5.2) lib/rack/lock.rb:17:in `call'
  rack (1.5.2) lib/rack/content_length.rb:14:in `call'
  rack (1.5.2) lib/rack/handler/webrick.rb:60:in `service'
  /Users/Sui/.rvm/rubies/ruby-2.0.0-p353/lib/ruby/2.0.0/webrick/httpserver.rb:138:in `service'
  /Users/Sui/.rvm/rubies/ruby-2.0.0-p353/lib/ruby/2.0.0/webrick/httpserver.rb:94:in `run'
  /Users/Sui/.rvm/rubies/ruby-2.0.0-p353/lib/ruby/2.0.0/webrick/server.rb:295:in `block in start_thread'


  Rendered /Users/Sui/.rvm/gems/ruby-2.0.0-p353@railstutorial_rails_4_0/gems/actionpack-4.0.2/lib/action_dispatch/middleware/templates/rescues/_source.erb (0.5ms)
  Rendered /Users/Sui/.rvm/gems/ruby-2.0.0-p353@railstutorial_rails_4_0/gems/actionpack-4.0.2/lib/action_dispatch/middleware/templates/rescues/_trace.erb (0.7ms)
  Rendered /Users/Sui/.rvm/gems/ruby-2.0.0-p353@railstutorial_rails_4_0/gems/actionpack-4.0.2/lib/action_dispatch/middleware/templates/rescues/_request_and_response.erb (0.7ms)
  Rendered /Users/Sui/.rvm/gems/ruby-2.0.0-p353@railstutorial_rails_4_0/gems/actionpack-4.0.2/lib/action_dispatch/middleware/templates/rescues/diagnostics.erb within rescues/layout (11.8ms)


Started GET "/static_pages/home" for 127.0.0.1 at 2014-02-24 19:15:54 -0600
Processing by StaticPagesController#home as HTML
  Rendered static_pages/home.html.erb within layouts/application (2.9ms)
Completed 200 OK in 72ms (Views: 71.1ms | ActiveRecord: 0.0ms)


Started GET "/assets/application.css?body=1" for 127.0.0.1 at 2014-02-24 19:15:54 -0600


Started GET "/assets/static_pages.css?body=1" for 127.0.0.1 at 2014-02-24 19:15:54 -0600


Started GET "/assets/jquery_ujs.js?body=1" for 127.0.0.1 at 2014-02-24 19:15:54 -0600


Started GET "/assets/jquery.js?body=1" for 127.0.0.1 at 2014-02-24 19:15:54 -0600


Started GET "/assets/static_pages.js?body=1" for 127.0.0.1 at 2014-02-24 19:15:54 -0600


Started GET "/assets/application.js?body=1" for 127.0.0.1 at 2014-02-24 19:15:54 -0600


Started GET "/assets/turbolinks.js?body=1" for 127.0.0.1 at 2014-02-24 19:15:55 -0600


Started GET "/images/rails.png" for 127.0.0.1 at 2014-02-24 19:15:55 -0600

ActionController::RoutingError (No route matches [GET] "/images/rails.png"):
  actionpack (4.0.2) lib/action_dispatch/middleware/debug_exceptions.rb:21:in `call'
  actionpack (4.0.2) lib/action_dispatch/middleware/show_exceptions.rb:30:in `call'
  railties (4.0.2) lib/rails/rack/logger.rb:38:in `call_app'
  railties (4.0.2) lib/rails/rack/logger.rb:20:in `block in call'
  activesupport (4.0.2) lib/active_support/tagged_logging.rb:67:in `block in tagged'
  activesupport (4.0.2) lib/active_support/tagged_logging.rb:25:in `tagged'
  activesupport (4.0.2) lib/active_support/tagged_logging.rb:67:in `tagged'
  railties (4.0.2) lib/rails/rack/logger.rb:20:in `call'
  actionpack (4.0.2) lib/action_dispatch/middleware/request_id.rb:21:in `call'
  rack (1.5.2) lib/rack/methodoverride.rb:21:in `call'
  rack (1.5.2) lib/rack/runtime.rb:17:in `call'
  activesupport (4.0.2) lib/active_support/cache/strategy/local_cache.rb:83:in `call'
  rack (1.5.2) lib/rack/lock.rb:17:in `call'
  actionpack (4.0.2) lib/action_dispatch/middleware/static.rb:64:in `call'
  rack (1.5.2) lib/rack/sendfile.rb:112:in `call'
  railties (4.0.2) lib/rails/engine.rb:511:in `call'
  railties (4.0.2) lib/rails/application.rb:97:in `call'
  rack (1.5.2) lib/rack/lock.rb:17:in `call'
  rack (1.5.2) lib/rack/content_length.rb:14:in `call'
  rack (1.5.2) lib/rack/handler/webrick.rb:60:in `service'
  /Users/Sui/.rvm/rubies/ruby-2.0.0-p353/lib/ruby/2.0.0/webrick/httpserver.rb:138:in `service'
  /Users/Sui/.rvm/rubies/ruby-2.0.0-p353/lib/ruby/2.0.0/webrick/httpserver.rb:94:in `run'
  /Users/Sui/.rvm/rubies/ruby-2.0.0-p353/lib/ruby/2.0.0/webrick/server.rb:295:in `block in start_thread'


  Rendered /Users/Sui/.rvm/gems/ruby-2.0.0-p353@railstutorial_rails_4_0/gems/actionpack-4.0.2/lib/action_dispatch/middleware/templates/rescues/_trace.erb (1.0ms)
  Rendered /Users/Sui/.rvm/gems/ruby-2.0.0-p353@railstutorial_rails_4_0/gems/actionpack-4.0.2/lib/action_dispatch/middleware/templates/routes/_route.html.erb (0.8ms)
  Rendered /Users/Sui/.rvm/gems/ruby-2.0.0-p353@railstutorial_rails_4_0/gems/actionpack-4.0.2/lib/action_dispatch/middleware/templates/routes/_table.html.erb (5.0ms)
  Rendered /Users/Sui/.rvm/gems/ruby-2.0.0-p353@railstutorial_rails_4_0/gems/actionpack-4.0.2/lib/action_dispatch/middleware/templates/rescues/routing_error.erb within rescues/layout (23.3ms)


Started GET "/static_pages/home" for 127.0.0.1 at 2014-02-24 19:16:28 -0600
Processing by StaticPagesController#home as HTML
  Rendered static_pages/home.html.erb within layouts/application (4.4ms)
Completed 200 OK in 10ms (Views: 9.3ms | ActiveRecord: 0.0ms)


Started GET "/static_pages/home" for 127.0.0.1 at 2014-02-24 19:16:28 -0600
Processing by StaticPagesController#home as HTML
  Rendered static_pages/home.html.erb within layouts/application (2.1ms)
Completed 200 OK in 5ms (Views: 5.2ms | ActiveRecord: 0.0ms)


Started GET "/assets/application.css?body=1" for 127.0.0.1 at 2014-02-24 19:16:28 -0600


Started GET "/assets/static_pages.css?body=1" for 127.0.0.1 at 2014-02-24 19:16:28 -0600


Started GET "/assets/jquery_ujs.js?body=1" for 127.0.0.1 at 2014-02-24 19:16:28 -0600


Started GET "/assets/jquery.js?body=1" for 127.0.0.1 at 2014-02-24 19:16:28 -0600


Started GET "/assets/application.js?body=1" for 127.0.0.1 at 2014-02-24 19:16:28 -0600


Started GET "/assets/static_pages.js?body=1" for 127.0.0.1 at 2014-02-24 19:16:28 -0600


Started GET "/assets/turbolinks.js?body=1" for 127.0.0.1 at 2014-02-24 19:16:28 -0600


Started GET "/images/rails.png" for 127.0.0.1 at 2014-02-24 19:16:28 -0600

ActionController::RoutingError (No route matches [GET] "/images/rails.png"):
  actionpack (4.0.2) lib/action_dispatch/middleware/debug_exceptions.rb:21:in `call'
  actionpack (4.0.2) lib/action_dispatch/middleware/show_exceptions.rb:30:in `call'
  railties (4.0.2) lib/rails/rack/logger.rb:38:in `call_app'
  railties (4.0.2) lib/rails/rack/logger.rb:20:in `block in call'
  activesupport (4.0.2) lib/active_support/tagged_logging.rb:67:in `block in tagged'
  activesupport (4.0.2) lib/active_support/tagged_logging.rb:25:in `tagged'
  activesupport (4.0.2) lib/active_support/tagged_logging.rb:67:in `tagged'
  railties (4.0.2) lib/rails/rack/logger.rb:20:in `call'
  actionpack (4.0.2) lib/action_dispatch/middleware/request_id.rb:21:in `call'
  rack (1.5.2) lib/rack/methodoverride.rb:21:in `call'
  rack (1.5.2) lib/rack/runtime.rb:17:in `call'
  activesupport (4.0.2) lib/active_support/cache/strategy/local_cache.rb:83:in `call'
  rack (1.5.2) lib/rack/lock.rb:17:in `call'
  actionpack (4.0.2) lib/action_dispatch/middleware/static.rb:64:in `call'
  rack (1.5.2) lib/rack/sendfile.rb:112:in `call'
  railties (4.0.2) lib/rails/engine.rb:511:in `call'
  railties (4.0.2) lib/rails/application.rb:97:in `call'
  rack (1.5.2) lib/rack/lock.rb:17:in `call'
  rack (1.5.2) lib/rack/content_length.rb:14:in `call'
  rack (1.5.2) lib/rack/handler/webrick.rb:60:in `service'
  /Users/Sui/.rvm/rubies/ruby-2.0.0-p353/lib/ruby/2.0.0/webrick/httpserver.rb:138:in `service'
  /Users/Sui/.rvm/rubies/ruby-2.0.0-p353/lib/ruby/2.0.0/webrick/httpserver.rb:94:in `run'
  /Users/Sui/.rvm/rubies/ruby-2.0.0-p353/lib/ruby/2.0.0/webrick/server.rb:295:in `block in start_thread'


  Rendered /Users/Sui/.rvm/gems/ruby-2.0.0-p353@railstutorial_rails_4_0/gems/actionpack-4.0.2/lib/action_dispatch/middleware/templates/rescues/_trace.erb (0.8ms)
  Rendered /Users/Sui/.rvm/gems/ruby-2.0.0-p353@railstutorial_rails_4_0/gems/actionpack-4.0.2/lib/action_dispatch/middleware/templates/routes/_route.html.erb (1.3ms)
  Rendered /Users/Sui/.rvm/gems/ruby-2.0.0-p353@railstutorial_rails_4_0/gems/actionpack-4.0.2/lib/action_dispatch/middleware/templates/routes/_table.html.erb (0.9ms)
  Rendered /Users/Sui/.rvm/gems/ruby-2.0.0-p353@railstutorial_rails_4_0/gems/actionpack-4.0.2/lib/action_dispatch/middleware/templates/rescues/routing_error.erb within rescues/layout (15.6ms)


Started GET "/static_pages/home" for 127.0.0.1 at 2014-02-24 19:16:30 -0600
Processing by StaticPagesController#home as HTML
  Rendered static_pages/home.html.erb within layouts/application (2.5ms)
Completed 200 OK in 7ms (Views: 6.3ms | ActiveRecord: 0.0ms)


Started GET "/static_pages/home" for 127.0.0.1 at 2014-02-24 19:16:30 -0600
Processing by StaticPagesController#home as HTML
  Rendered static_pages/home.html.erb within layouts/application (2.3ms)
Completed 200 OK in 6ms (Views: 5.8ms | ActiveRecord: 0.0ms)


Started GET "/assets/static_pages.css?body=1" for 127.0.0.1 at 2014-02-24 19:16:30 -0600


Started GET "/assets/application.css?body=1" for 127.0.0.1 at 2014-02-24 19:16:30 -0600


Started GET "/assets/static_pages.js?body=1" for 127.0.0.1 at 2014-02-24 19:16:30 -0600


Started GET "/assets/jquery.js?body=1" for 127.0.0.1 at 2014-02-24 19:16:30 -0600


Started GET "/assets/jquery_ujs.js?body=1" for 127.0.0.1 at 2014-02-24 19:16:30 -0600


Started GET "/assets/turbolinks.js?body=1" for 127.0.0.1 at 2014-02-24 19:16:30 -0600


Started GET "/assets/application.js?body=1" for 127.0.0.1 at 2014-02-24 19:16:30 -0600


Started GET "/images/rails.png" for 127.0.0.1 at 2014-02-24 19:16:30 -0600

ActionController::RoutingError (No route matches [GET] "/images/rails.png"):
  actionpack (4.0.2) lib/action_dispatch/middleware/debug_exceptions.rb:21:in `call'
  actionpack (4.0.2) lib/action_dispatch/middleware/show_exceptions.rb:30:in `call'
  railties (4.0.2) lib/rails/rack/logger.rb:38:in `call_app'
  railties (4.0.2) lib/rails/rack/logger.rb:20:in `block in call'
  activesupport (4.0.2) lib/active_support/tagged_logging.rb:67:in `block in tagged'
  activesupport (4.0.2) lib/active_support/tagged_logging.rb:25:in `tagged'
  activesupport (4.0.2) lib/active_support/tagged_logging.rb:67:in `tagged'
  railties (4.0.2) lib/rails/rack/logger.rb:20:in `call'
  actionpack (4.0.2) lib/action_dispatch/middleware/request_id.rb:21:in `call'
  rack (1.5.2) lib/rack/methodoverride.rb:21:in `call'
  rack (1.5.2) lib/rack/runtime.rb:17:in `call'
  activesupport (4.0.2) lib/active_support/cache/strategy/local_cache.rb:83:in `call'
  rack (1.5.2) lib/rack/lock.rb:17:in `call'
  actionpack (4.0.2) lib/action_dispatch/middleware/static.rb:64:in `call'
  rack (1.5.2) lib/rack/sendfile.rb:112:in `call'
  railties (4.0.2) lib/rails/engine.rb:511:in `call'
  railties (4.0.2) lib/rails/application.rb:97:in `call'
  rack (1.5.2) lib/rack/lock.rb:17:in `call'
  rack (1.5.2) lib/rack/content_length.rb:14:in `call'
  rack (1.5.2) lib/rack/handler/webrick.rb:60:in `service'
  /Users/Sui/.rvm/rubies/ruby-2.0.0-p353/lib/ruby/2.0.0/webrick/httpserver.rb:138:in `service'
  /Users/Sui/.rvm/rubies/ruby-2.0.0-p353/lib/ruby/2.0.0/webrick/httpserver.rb:94:in `run'
  /Users/Sui/.rvm/rubies/ruby-2.0.0-p353/lib/ruby/2.0.0/webrick/server.rb:295:in `block in start_thread'


  Rendered /Users/Sui/.rvm/gems/ruby-2.0.0-p353@railstutorial_rails_4_0/gems/actionpack-4.0.2/lib/action_dispatch/middleware/templates/rescues/_trace.erb (0.8ms)
  Rendered /Users/Sui/.rvm/gems/ruby-2.0.0-p353@railstutorial_rails_4_0/gems/actionpack-4.0.2/lib/action_dispatch/middleware/templates/routes/_route.html.erb (0.7ms)
  Rendered /Users/Sui/.rvm/gems/ruby-2.0.0-p353@railstutorial_rails_4_0/gems/actionpack-4.0.2/lib/action_dispatch/middleware/templates/routes/_table.html.erb (0.9ms)
  Rendered /Users/Sui/.rvm/gems/ruby-2.0.0-p353@railstutorial_rails_4_0/gems/actionpack-4.0.2/lib/action_dispatch/middleware/templates/rescues/routing_error.erb within rescues/layout (13.1ms)


Started GET "/static_pages/home" for 127.0.0.1 at 2014-02-24 19:16:31 -0600
Processing by StaticPagesController#home as HTML
  Rendered static_pages/home.html.erb within layouts/application (29.7ms)
Completed 200 OK in 34ms (Views: 33.4ms | ActiveRecord: 0.0ms)


Started GET "/static_pages/home" for 127.0.0.1 at 2014-02-24 19:16:31 -0600
Processing by StaticPagesController#home as HTML
  Rendered static_pages/home.html.erb within layouts/application (2.3ms)
Completed 200 OK in 7ms (Views: 6.7ms | ActiveRecord: 0.0ms)


Started GET "/assets/application.css?body=1" for 127.0.0.1 at 2014-02-24 19:16:31 -0600


Started GET "/assets/jquery_ujs.js?body=1" for 127.0.0.1 at 2014-02-24 19:16:31 -0600


Started GET "/assets/static_pages.css?body=1" for 127.0.0.1 at 2014-02-24 19:16:31 -0600


Started GET "/assets/jquery.js?body=1" for 127.0.0.1 at 2014-02-24 19:16:31 -0600


Started GET "/assets/turbolinks.js?body=1" for 127.0.0.1 at 2014-02-24 19:16:31 -0600


Started GET "/assets/static_pages.js?body=1" for 127.0.0.1 at 2014-02-24 19:16:31 -0600


Started GET "/assets/application.js?body=1" for 127.0.0.1 at 2014-02-24 19:16:31 -0600


Started GET "/images/rails.png" for 127.0.0.1 at 2014-02-24 19:16:31 -0600

ActionController::RoutingError (No route matches [GET] "/images/rails.png"):
  actionpack (4.0.2) lib/action_dispatch/middleware/debug_exceptions.rb:21:in `call'
  actionpack (4.0.2) lib/action_dispatch/middleware/show_exceptions.rb:30:in `call'
  railties (4.0.2) lib/rails/rack/logger.rb:38:in `call_app'
  railties (4.0.2) lib/rails/rack/logger.rb:20:in `block in call'
  activesupport (4.0.2) lib/active_support/tagged_logging.rb:67:in `block in tagged'
  activesupport (4.0.2) lib/active_support/tagged_logging.rb:25:in `tagged'
  activesupport (4.0.2) lib/active_support/tagged_logging.rb:67:in `tagged'
  railties (4.0.2) lib/rails/rack/logger.rb:20:in `call'
  actionpack (4.0.2) lib/action_dispatch/middleware/request_id.rb:21:in `call'
  rack (1.5.2) lib/rack/methodoverride.rb:21:in `call'
  rack (1.5.2) lib/rack/runtime.rb:17:in `call'
  activesupport (4.0.2) lib/active_support/cache/strategy/local_cache.rb:83:in `call'
  rack (1.5.2) lib/rack/lock.rb:17:in `call'
  actionpack (4.0.2) lib/action_dispatch/middleware/static.rb:64:in `call'
  rack (1.5.2) lib/rack/sendfile.rb:112:in `call'
  railties (4.0.2) lib/rails/engine.rb:511:in `call'
  railties (4.0.2) lib/rails/application.rb:97:in `call'
  rack (1.5.2) lib/rack/lock.rb:17:in `call'
  rack (1.5.2) lib/rack/content_length.rb:14:in `call'
  rack (1.5.2) lib/rack/handler/webrick.rb:60:in `service'
  /Users/Sui/.rvm/rubies/ruby-2.0.0-p353/lib/ruby/2.0.0/webrick/httpserver.rb:138:in `service'
  /Users/Sui/.rvm/rubies/ruby-2.0.0-p353/lib/ruby/2.0.0/webrick/httpserver.rb:94:in `run'
  /Users/Sui/.rvm/rubies/ruby-2.0.0-p353/lib/ruby/2.0.0/webrick/server.rb:295:in `block in start_thread'


  Rendered /Users/Sui/.rvm/gems/ruby-2.0.0-p353@railstutorial_rails_4_0/gems/actionpack-4.0.2/lib/action_dispatch/middleware/templates/rescues/_trace.erb (0.8ms)
  Rendered /Users/Sui/.rvm/gems/ruby-2.0.0-p353@railstutorial_rails_4_0/gems/actionpack-4.0.2/lib/action_dispatch/middleware/templates/routes/_route.html.erb (0.6ms)
  Rendered /Users/Sui/.rvm/gems/ruby-2.0.0-p353@railstutorial_rails_4_0/gems/actionpack-4.0.2/lib/action_dispatch/middleware/templates/routes/_table.html.erb (0.8ms)
  Rendered /Users/Sui/.rvm/gems/ruby-2.0.0-p353@railstutorial_rails_4_0/gems/actionpack-4.0.2/lib/action_dispatch/middleware/templates/rescues/routing_error.erb within rescues/layout (13.4ms)


Started GET "/static_pages/home" for 127.0.0.1 at 2014-02-24 19:16:32 -0600
Processing by StaticPagesController#home as HTML
  Rendered static_pages/home.html.erb within layouts/application (2.3ms)
Completed 200 OK in 6ms (Views: 5.7ms | ActiveRecord: 0.0ms)


Started GET "/static_pages/home" for 127.0.0.1 at 2014-02-24 19:16:32 -0600
Processing by StaticPagesController#home as HTML
  Rendered static_pages/home.html.erb within layouts/application (2.1ms)
Completed 200 OK in 5ms (Views: 5.1ms | ActiveRecord: 0.0ms)


Started GET "/assets/application.css?body=1" for 127.0.0.1 at 2014-02-24 19:16:33 -0600


Started GET "/assets/static_pages.css?body=1" for 127.0.0.1 at 2014-02-24 19:16:33 -0600


Started GET "/assets/turbolinks.js?body=1" for 127.0.0.1 at 2014-02-24 19:16:33 -0600


Started GET "/assets/static_pages.js?body=1" for 127.0.0.1 at 2014-02-24 19:16:33 -0600


Started GET "/assets/jquery.js?body=1" for 127.0.0.1 at 2014-02-24 19:16:33 -0600


Started GET "/assets/application.js?body=1" for 127.0.0.1 at 2014-02-24 19:16:33 -0600


Started GET "/assets/jquery_ujs.js?body=1" for 127.0.0.1 at 2014-02-24 19:16:33 -0600


Started GET "/images/rails.png" for 127.0.0.1 at 2014-02-24 19:16:33 -0600

ActionController::RoutingError (No route matches [GET] "/images/rails.png"):
  actionpack (4.0.2) lib/action_dispatch/middleware/debug_exceptions.rb:21:in `call'
  actionpack (4.0.2) lib/action_dispatch/middleware/show_exceptions.rb:30:in `call'
  railties (4.0.2) lib/rails/rack/logger.rb:38:in `call_app'
  railties (4.0.2) lib/rails/rack/logger.rb:20:in `block in call'
  activesupport (4.0.2) lib/active_support/tagged_logging.rb:67:in `block in tagged'
  activesupport (4.0.2) lib/active_support/tagged_logging.rb:25:in `tagged'
  activesupport (4.0.2) lib/active_support/tagged_logging.rb:67:in `tagged'
  railties (4.0.2) lib/rails/rack/logger.rb:20:in `call'
  actionpack (4.0.2) lib/action_dispatch/middleware/request_id.rb:21:in `call'
  rack (1.5.2) lib/rack/methodoverride.rb:21:in `call'
  rack (1.5.2) lib/rack/runtime.rb:17:in `call'
  activesupport (4.0.2) lib/active_support/cache/strategy/local_cache.rb:83:in `call'
  rack (1.5.2) lib/rack/lock.rb:17:in `call'
  actionpack (4.0.2) lib/action_dispatch/middleware/static.rb:64:in `call'
  rack (1.5.2) lib/rack/sendfile.rb:112:in `call'
  railties (4.0.2) lib/rails/engine.rb:511:in `call'
  railties (4.0.2) lib/rails/application.rb:97:in `call'
  rack (1.5.2) lib/rack/lock.rb:17:in `call'
  rack (1.5.2) lib/rack/content_length.rb:14:in `call'
  rack (1.5.2) lib/rack/handler/webrick.rb:60:in `service'
  /Users/Sui/.rvm/rubies/ruby-2.0.0-p353/lib/ruby/2.0.0/webrick/httpserver.rb:138:in `service'
  /Users/Sui/.rvm/rubies/ruby-2.0.0-p353/lib/ruby/2.0.0/webrick/httpserver.rb:94:in `run'
  /Users/Sui/.rvm/rubies/ruby-2.0.0-p353/lib/ruby/2.0.0/webrick/server.rb:295:in `block in start_thread'


  Rendered /Users/Sui/.rvm/gems/ruby-2.0.0-p353@railstutorial_rails_4_0/gems/actionpack-4.0.2/lib/action_dispatch/middleware/templates/rescues/_trace.erb (0.7ms)
  Rendered /Users/Sui/.rvm/gems/ruby-2.0.0-p353@railstutorial_rails_4_0/gems/actionpack-4.0.2/lib/action_dispatch/middleware/templates/routes/_route.html.erb (0.7ms)
  Rendered /Users/Sui/.rvm/gems/ruby-2.0.0-p353@railstutorial_rails_4_0/gems/actionpack-4.0.2/lib/action_dispatch/middleware/templates/routes/_table.html.erb (1.0ms)
  Rendered /Users/Sui/.rvm/gems/ruby-2.0.0-p353@railstutorial_rails_4_0/gems/actionpack-4.0.2/lib/action_dispatch/middleware/templates/rescues/routing_error.erb within rescues/layout (13.8ms)


Started GET "/static_pages/home" for 127.0.0.1 at 2014-02-24 19:16:33 -0600
Processing by StaticPagesController#home as HTML
  Rendered static_pages/home.html.erb within layouts/application (2.8ms)
Completed 200 OK in 11ms (Views: 10.2ms | ActiveRecord: 0.0ms)


Started GET "/static_pages/home" for 127.0.0.1 at 2014-02-24 19:16:33 -0600
Processing by StaticPagesController#home as HTML
  Rendered static_pages/home.html.erb within layouts/application (2.2ms)
Completed 200 OK in 6ms (Views: 5.5ms | ActiveRecord: 0.0ms)


Started GET "/assets/jquery.js?body=1" for 127.0.0.1 at 2014-02-24 19:16:33 -0600


Started GET "/assets/static_pages.css?body=1" for 127.0.0.1 at 2014-02-24 19:16:33 -0600


Started GET "/assets/turbolinks.js?body=1" for 127.0.0.1 at 2014-02-24 19:16:33 -0600


Started GET "/assets/static_pages.js?body=1" for 127.0.0.1 at 2014-02-24 19:16:33 -0600


Started GET "/assets/application.css?body=1" for 127.0.0.1 at 2014-02-24 19:16:33 -0600


Started GET "/assets/jquery_ujs.js?body=1" for 127.0.0.1 at 2014-02-24 19:16:33 -0600


Started GET "/assets/application.js?body=1" for 127.0.0.1 at 2014-02-24 19:16:33 -0600


Started GET "/images/rails.png" for 127.0.0.1 at 2014-02-24 19:16:33 -0600

ActionController::RoutingError (No route matches [GET] "/images/rails.png"):
  actionpack (4.0.2) lib/action_dispatch/middleware/debug_exceptions.rb:21:in `call'
  actionpack (4.0.2) lib/action_dispatch/middleware/show_exceptions.rb:30:in `call'
  railties (4.0.2) lib/rails/rack/logger.rb:38:in `call_app'
  railties (4.0.2) lib/rails/rack/logger.rb:20:in `block in call'
  activesupport (4.0.2) lib/active_support/tagged_logging.rb:67:in `block in tagged'
  activesupport (4.0.2) lib/active_support/tagged_logging.rb:25:in `tagged'
  activesupport (4.0.2) lib/active_support/tagged_logging.rb:67:in `tagged'
  railties (4.0.2) lib/rails/rack/logger.rb:20:in `call'
  actionpack (4.0.2) lib/action_dispatch/middleware/request_id.rb:21:in `call'
  rack (1.5.2) lib/rack/methodoverride.rb:21:in `call'
  rack (1.5.2) lib/rack/runtime.rb:17:in `call'
  activesupport (4.0.2) lib/active_support/cache/strategy/local_cache.rb:83:in `call'
  rack (1.5.2) lib/rack/lock.rb:17:in `call'
  actionpack (4.0.2) lib/action_dispatch/middleware/static.rb:64:in `call'
  rack (1.5.2) lib/rack/sendfile.rb:112:in `call'
  railties (4.0.2) lib/rails/engine.rb:511:in `call'
  railties (4.0.2) lib/rails/application.rb:97:in `call'
  rack (1.5.2) lib/rack/lock.rb:17:in `call'
  rack (1.5.2) lib/rack/content_length.rb:14:in `call'
  rack (1.5.2) lib/rack/handler/webrick.rb:60:in `service'
  /Users/Sui/.rvm/rubies/ruby-2.0.0-p353/lib/ruby/2.0.0/webrick/httpserver.rb:138:in `service'
  /Users/Sui/.rvm/rubies/ruby-2.0.0-p353/lib/ruby/2.0.0/webrick/httpserver.rb:94:in `run'
  /Users/Sui/.rvm/rubies/ruby-2.0.0-p353/lib/ruby/2.0.0/webrick/server.rb:295:in `block in start_thread'


  Rendered /Users/Sui/.rvm/gems/ruby-2.0.0-p353@railstutorial_rails_4_0/gems/actionpack-4.0.2/lib/action_dispatch/middleware/templates/rescues/_trace.erb (0.9ms)
  Rendered /Users/Sui/.rvm/gems/ruby-2.0.0-p353@railstutorial_rails_4_0/gems/actionpack-4.0.2/lib/action_dispatch/middleware/templates/routes/_route.html.erb (0.7ms)
  Rendered /Users/Sui/.rvm/gems/ruby-2.0.0-p353@railstutorial_rails_4_0/gems/actionpack-4.0.2/lib/action_dispatch/middleware/templates/routes/_table.html.erb (0.9ms)
  Rendered /Users/Sui/.rvm/gems/ruby-2.0.0-p353@railstutorial_rails_4_0/gems/actionpack-4.0.2/lib/action_dispatch/middleware/templates/rescues/routing_error.erb within rescues/layout (14.9ms)


Started GET "/static_pages/home" for 127.0.0.1 at 2014-02-24 19:17:15 -0600
Processing by StaticPagesController#home as HTML
  Rendered static_pages/home.html.erb within layouts/application (4.3ms)
Completed 200 OK in 34ms (Views: 32.9ms | ActiveRecord: 0.0ms)


Started GET "/assets/application.css?body=1" for 127.0.0.1 at 2014-02-24 19:17:15 -0600


Started GET "/assets/static_pages.css?body=1" for 127.0.0.1 at 2014-02-24 19:17:15 -0600


Started GET "/assets/turbolinks.js?body=1" for 127.0.0.1 at 2014-02-24 19:17:15 -0600


Started GET "/assets/jquery.js?body=1" for 127.0.0.1 at 2014-02-24 19:17:15 -0600


Started GET "/assets/jquery_ujs.js?body=1" for 127.0.0.1 at 2014-02-24 19:17:15 -0600


Started GET "/assets/static_pages.js?body=1" for 127.0.0.1 at 2014-02-24 19:17:15 -0600


Started GET "/assets/application.js?body=1" for 127.0.0.1 at 2014-02-24 19:17:15 -0600


Started GET "/images/rails.png" for 127.0.0.1 at 2014-02-24 19:17:15 -0600

ActionController::RoutingError (No route matches [GET] "/images/rails.png"):
  actionpack (4.0.2) lib/action_dispatch/middleware/debug_exceptions.rb:21:in `call'
  actionpack (4.0.2) lib/action_dispatch/middleware/show_exceptions.rb:30:in `call'
  railties (4.0.2) lib/rails/rack/logger.rb:38:in `call_app'
  railties (4.0.2) lib/rails/rack/logger.rb:20:in `block in call'
  activesupport (4.0.2) lib/active_support/tagged_logging.rb:67:in `block in tagged'
  activesupport (4.0.2) lib/active_support/tagged_logging.rb:25:in `tagged'
  activesupport (4.0.2) lib/active_support/tagged_logging.rb:67:in `tagged'
  railties (4.0.2) lib/rails/rack/logger.rb:20:in `call'
  actionpack (4.0.2) lib/action_dispatch/middleware/request_id.rb:21:in `call'
  rack (1.5.2) lib/rack/methodoverride.rb:21:in `call'
  rack (1.5.2) lib/rack/runtime.rb:17:in `call'
  activesupport (4.0.2) lib/active_support/cache/strategy/local_cache.rb:83:in `call'
  rack (1.5.2) lib/rack/lock.rb:17:in `call'
  actionpack (4.0.2) lib/action_dispatch/middleware/static.rb:64:in `call'
  rack (1.5.2) lib/rack/sendfile.rb:112:in `call'
  railties (4.0.2) lib/rails/engine.rb:511:in `call'
  railties (4.0.2) lib/rails/application.rb:97:in `call'
  rack (1.5.2) lib/rack/lock.rb:17:in `call'
  rack (1.5.2) lib/rack/content_length.rb:14:in `call'
  rack (1.5.2) lib/rack/handler/webrick.rb:60:in `service'
  /Users/Sui/.rvm/rubies/ruby-2.0.0-p353/lib/ruby/2.0.0/webrick/httpserver.rb:138:in `service'
  /Users/Sui/.rvm/rubies/ruby-2.0.0-p353/lib/ruby/2.0.0/webrick/httpserver.rb:94:in `run'
  /Users/Sui/.rvm/rubies/ruby-2.0.0-p353/lib/ruby/2.0.0/webrick/server.rb:295:in `block in start_thread'


  Rendered /Users/Sui/.rvm/gems/ruby-2.0.0-p353@railstutorial_rails_4_0/gems/actionpack-4.0.2/lib/action_dispatch/middleware/templates/rescues/_trace.erb (1.0ms)
  Rendered /Users/Sui/.rvm/gems/ruby-2.0.0-p353@railstutorial_rails_4_0/gems/actionpack-4.0.2/lib/action_dispatch/middleware/templates/routes/_route.html.erb (0.6ms)
  Rendered /Users/Sui/.rvm/gems/ruby-2.0.0-p353@railstutorial_rails_4_0/gems/actionpack-4.0.2/lib/action_dispatch/middleware/templates/routes/_table.html.erb (3.0ms)
  Rendered /Users/Sui/.rvm/gems/ruby-2.0.0-p353@railstutorial_rails_4_0/gems/actionpack-4.0.2/lib/action_dispatch/middleware/templates/rescues/routing_error.erb within rescues/layout (17.6ms)


Started GET "/static_pages/home" for 127.0.0.1 at 2014-02-24 19:20:41 -0600
Processing by StaticPagesController#home as HTML
  Rendered static_pages/home.html.erb within layouts/application (2.0ms)
Completed 200 OK in 6ms (Views: 5.7ms | ActiveRecord: 0.0ms)


Started GET "/assets/application.css?body=1" for 127.0.0.1 at 2014-02-24 19:20:41 -0600


Started GET "/assets/jquery_ujs.js?body=1" for 127.0.0.1 at 2014-02-24 19:20:41 -0600


Started GET "/assets/jquery.js?body=1" for 127.0.0.1 at 2014-02-24 19:20:41 -0600


Started GET "/assets/static_pages.css?body=1" for 127.0.0.1 at 2014-02-24 19:20:41 -0600


Started GET "/assets/turbolinks.js?body=1" for 127.0.0.1 at 2014-02-24 19:20:41 -0600


Started GET "/assets/static_pages.js?body=1" for 127.0.0.1 at 2014-02-24 19:20:41 -0600


Started GET "/assets/application.js?body=1" for 127.0.0.1 at 2014-02-24 19:20:41 -0600


Started GET "/assets/rails.png" for 127.0.0.1 at 2014-02-24 19:20:41 -0600


Started GET "/static_pages/home" for 127.0.0.1 at 2014-02-24 19:33:20 -0600
Processing by StaticPagesController#home as HTML
  Rendered static_pages/home.html.erb within layouts/application (2.1ms)
Completed 200 OK in 1433ms (Views: 1432.1ms | ActiveRecord: 0.0ms)


Started GET "/assets/application.css?body=1" for 127.0.0.1 at 2014-02-24 19:33:21 -0600


Started GET "/assets/static_pages.css?body=1" for 127.0.0.1 at 2014-02-24 19:33:21 -0600


Started GET "/assets/jquery.js?body=1" for 127.0.0.1 at 2014-02-24 19:33:21 -0600


Started GET "/assets/custom.css?body=1" for 127.0.0.1 at 2014-02-24 19:33:21 -0600


Started GET "/assets/turbolinks.js?body=1" for 127.0.0.1 at 2014-02-24 19:33:21 -0600


Started GET "/assets/jquery_ujs.js?body=1" for 127.0.0.1 at 2014-02-24 19:33:21 -0600


Started GET "/assets/static_pages.js?body=1" for 127.0.0.1 at 2014-02-24 19:33:21 -0600


Started GET "/assets/application.js?body=1" for 127.0.0.1 at 2014-02-24 19:33:21 -0600


Started GET "/assets/rails.png" for 127.0.0.1 at 2014-02-24 19:33:21 -0600


Started GET "/static_pages/home" for 127.0.0.1 at 2014-02-24 19:36:43 -0600
Processing by StaticPagesController#home as HTML
  Rendered static_pages/home.html.erb within layouts/application (2.5ms)
Completed 500 Internal Server Error in 19ms

ActionView::Template::Error (Invalid CSS after "html ": expected selector or at-rule, was "{"
  (in /Users/Sui/Desktop/rails_projects/sample_app/app/assets/stylesheets/custom.css.scss:5)):
    2: <html>
    3:   <head>
    4:     <title><%= full_title(yield(:title)) %></title>
    5:     <%= stylesheet_link_tag "application", media: "all",
    6:                                            "data-turbolinks-track" => true %>
    7:     <%= javascript_include_tag "application", "data-turbolinks-track" => true %>
    8:     <%= csrf_meta_tags %>
  app/assets/stylesheets/custom.css.scss:5
  app/views/layouts/application.html.erb:5:in `_app_views_layouts_application_html_erb__855783633637969683_70258657267880'


  Rendered /Users/Sui/.rvm/gems/ruby-2.0.0-p353@railstutorial_rails_4_0/gems/actionpack-4.0.2/lib/action_dispatch/middleware/templates/rescues/_trace.erb (1.3ms)
  Rendered /Users/Sui/.rvm/gems/ruby-2.0.0-p353@railstutorial_rails_4_0/gems/actionpack-4.0.2/lib/action_dispatch/middleware/templates/rescues/_request_and_response.erb (9.6ms)
  Rendered /Users/Sui/.rvm/gems/ruby-2.0.0-p353@railstutorial_rails_4_0/gems/actionpack-4.0.2/lib/action_dispatch/middleware/templates/rescues/template_error.erb within rescues/layout (21.5ms)


Started GET "/static_pages/home" for 127.0.0.1 at 2014-02-24 19:36:45 -0600
Processing by StaticPagesController#home as HTML
  Rendered static_pages/home.html.erb within layouts/application (0.3ms)
Completed 500 Internal Server Error in 8ms

ActionView::Template::Error (Invalid CSS after "html ": expected selector or at-rule, was "{"
  (in /Users/Sui/Desktop/rails_projects/sample_app/app/assets/stylesheets/custom.css.scss:5)):
    2: <html>
    3:   <head>
    4:     <title><%= full_title(yield(:title)) %></title>
    5:     <%= stylesheet_link_tag "application", media: "all",
    6:                                            "data-turbolinks-track" => true %>
    7:     <%= javascript_include_tag "application", "data-turbolinks-track" => true %>
    8:     <%= csrf_meta_tags %>
  app/assets/stylesheets/custom.css.scss:5
  app/views/layouts/application.html.erb:5:in `_app_views_layouts_application_html_erb__855783633637969683_70258657267880'


  Rendered /Users/Sui/.rvm/gems/ruby-2.0.0-p353@railstutorial_rails_4_0/gems/actionpack-4.0.2/lib/action_dispatch/middleware/templates/rescues/_trace.erb (1.0ms)
  Rendered /Users/Sui/.rvm/gems/ruby-2.0.0-p353@railstutorial_rails_4_0/gems/actionpack-4.0.2/lib/action_dispatch/middleware/templates/rescues/_request_and_response.erb (1.2ms)
  Rendered /Users/Sui/.rvm/gems/ruby-2.0.0-p353@railstutorial_rails_4_0/gems/actionpack-4.0.2/lib/action_dispatch/middleware/templates/rescues/template_error.erb within rescues/layout (33.6ms)


Started GET "/static_pages/home" for 127.0.0.1 at 2014-02-24 19:36:54 -0600
Processing by StaticPagesController#home as HTML
  Rendered static_pages/home.html.erb within layouts/application (0.2ms)
Completed 500 Internal Server Error in 8ms

ActionView::Template::Error (Invalid CSS after "html ": expected selector or at-rule, was "{"
  (in /Users/Sui/Desktop/rails_projects/sample_app/app/assets/stylesheets/custom.css.scss:5)):
    2: <html>
    3:   <head>
    4:     <title><%= full_title(yield(:title)) %></title>
    5:     <%= stylesheet_link_tag "application", media: "all",
    6:                                            "data-turbolinks-track" => true %>
    7:     <%= javascript_include_tag "application", "data-turbolinks-track" => true %>
    8:     <%= csrf_meta_tags %>
  app/assets/stylesheets/custom.css.scss:5
  app/views/layouts/application.html.erb:5:in `_app_views_layouts_application_html_erb__855783633637969683_70258657267880'


  Rendered /Users/Sui/.rvm/gems/ruby-2.0.0-p353@railstutorial_rails_4_0/gems/actionpack-4.0.2/lib/action_dispatch/middleware/templates/rescues/_trace.erb (0.8ms)
  Rendered /Users/Sui/.rvm/gems/ruby-2.0.0-p353@railstutorial_rails_4_0/gems/actionpack-4.0.2/lib/action_dispatch/middleware/templates/rescues/_request_and_response.erb (0.8ms)
  Rendered /Users/Sui/.rvm/gems/ruby-2.0.0-p353@railstutorial_rails_4_0/gems/actionpack-4.0.2/lib/action_dispatch/middleware/templates/rescues/template_error.erb within rescues/layout (9.0ms)


Started GET "/static_pages/home" for 127.0.0.1 at 2014-02-24 19:37:20 -0600
Processing by StaticPagesController#home as HTML
  Rendered static_pages/home.html.erb within layouts/application (2.3ms)
Completed 500 Internal Server Error in 38ms

ActionView::Template::Error (Invalid CSS after "html ": expected selector or at-rule, was "{"
  (in /Users/Sui/Desktop/rails_projects/sample_app/app/assets/stylesheets/custom.css.scss:5)):
    2: <html>
    3:   <head>
    4:     <title><%= full_title(yield(:title)) %></title>
    5:     <%= stylesheet_link_tag "application", media: "all",
    6:                                            "data-turbolinks-track" => true %>
    7:     <%= javascript_include_tag "application", "data-turbolinks-track" => true %>
    8:     <%= csrf_meta_tags %>
  app/assets/stylesheets/custom.css.scss:5
  app/views/layouts/application.html.erb:5:in `_app_views_layouts_application_html_erb__2402302028071268987_70240791728000'


  Rendered /Users/Sui/.rvm/gems/ruby-2.0.0-p353@railstutorial_rails_4_0/gems/actionpack-4.0.2/lib/action_dispatch/middleware/templates/rescues/_trace.erb (0.9ms)
  Rendered /Users/Sui/.rvm/gems/ruby-2.0.0-p353@railstutorial_rails_4_0/gems/actionpack-4.0.2/lib/action_dispatch/middleware/templates/rescues/_request_and_response.erb (8.2ms)
  Rendered /Users/Sui/.rvm/gems/ruby-2.0.0-p353@railstutorial_rails_4_0/gems/actionpack-4.0.2/lib/action_dispatch/middleware/templates/rescues/template_error.erb within rescues/layout (16.9ms)


Started GET "/static_pages/home" for 127.0.0.1 at 2014-02-24 19:38:14 -0600
Processing by StaticPagesController#home as HTML
  Rendered static_pages/home.html.erb within layouts/application (0.3ms)
Completed 200 OK in 642ms (Views: 641.3ms | ActiveRecord: 0.0ms)


Started GET "/assets/application.css?body=1" for 127.0.0.1 at 2014-02-24 19:38:15 -0600


Started GET "/assets/static_pages.css?body=1" for 127.0.0.1 at 2014-02-24 19:38:15 -0600


Started GET "/assets/custom.css?body=1" for 127.0.0.1 at 2014-02-24 19:38:15 -0600


Started GET "/assets/jquery.js?body=1" for 127.0.0.1 at 2014-02-24 19:38:15 -0600


Started GET "/assets/turbolinks.js?body=1" for 127.0.0.1 at 2014-02-24 19:38:15 -0600


Started GET "/assets/jquery_ujs.js?body=1" for 127.0.0.1 at 2014-02-24 19:38:15 -0600


Started GET "/assets/static_pages.js?body=1" for 127.0.0.1 at 2014-02-24 19:38:15 -0600


Started GET "/assets/application.js?body=1" for 127.0.0.1 at 2014-02-24 19:38:15 -0600


Started GET "/assets/rails.png" for 127.0.0.1 at 2014-02-24 19:38:15 -0600


Started GET "/static_pages/home" for 127.0.0.1 at 2014-02-24 20:39:47 -0600
Processing by StaticPagesController#home as HTML
  Rendered static_pages/home.html.erb within layouts/application (3.0ms)
  Rendered layouts/_shim.html.erb (0.3ms)
  Rendered layouts/_header.html.erb (0.5ms)
  Rendered layouts/_footer.html.erb (0.3ms)
Completed 200 OK in 735ms (Views: 734.3ms | ActiveRecord: 0.0ms)


Started GET "/assets/application.css?body=1" for 127.0.0.1 at 2014-02-24 20:39:48 -0600


Started GET "/assets/custom.css?body=1" for 127.0.0.1 at 2014-02-24 20:39:48 -0600


Started GET "/assets/jquery_ujs.js?body=1" for 127.0.0.1 at 2014-02-24 20:39:48 -0600


Started GET "/assets/jquery.js?body=1" for 127.0.0.1 at 2014-02-24 20:39:48 -0600


Started GET "/assets/turbolinks.js?body=1" for 127.0.0.1 at 2014-02-24 20:39:48 -0600


Started GET "/assets/static_pages.css?body=1" for 127.0.0.1 at 2014-02-24 20:39:48 -0600


Started GET "/assets/static_pages.js?body=1" for 127.0.0.1 at 2014-02-24 20:39:48 -0600


Started GET "/assets/application.js?body=1" for 127.0.0.1 at 2014-02-24 20:39:48 -0600


Started GET "/assets/rails.png" for 127.0.0.1 at 2014-02-24 20:39:48 -0600


Started GET "/" for 127.0.0.1 at 2014-02-24 21:57:32 -0600
Processing by StaticPagesController#home as HTML
  Rendered static_pages/home.html.erb within layouts/application (2.1ms)
  Rendered layouts/_shim.html.erb (0.3ms)
  Rendered layouts/_header.html.erb (1.8ms)
  Rendered layouts/_footer.html.erb (1.1ms)
Completed 200 OK in 86ms (Views: 85.6ms | ActiveRecord: 0.0ms)


Started GET "/assets/application.css?body=1" for 127.0.0.1 at 2014-02-24 21:57:33 -0600


Started GET "/assets/jquery_ujs.js?body=1" for 127.0.0.1 at 2014-02-24 21:57:33 -0600


Started GET "/assets/jquery.js?body=1" for 127.0.0.1 at 2014-02-24 21:57:33 -0600


Started GET "/assets/custom.css?body=1" for 127.0.0.1 at 2014-02-24 21:57:33 -0600


Started GET "/assets/turbolinks.js?body=1" for 127.0.0.1 at 2014-02-24 21:57:33 -0600


Started GET "/assets/static_pages.css?body=1" for 127.0.0.1 at 2014-02-24 21:57:33 -0600


Started GET "/assets/static_pages.js?body=1" for 127.0.0.1 at 2014-02-24 21:57:33 -0600


Started GET "/assets/application.js?body=1" for 127.0.0.1 at 2014-02-24 21:57:33 -0600


Started GET "/assets/rails.png" for 127.0.0.1 at 2014-02-24 21:57:33 -0600


Started GET "/" for 127.0.0.1 at 2014-02-24 21:57:48 -0600
Processing by StaticPagesController#home as HTML
  Rendered static_pages/home.html.erb within layouts/application (0.7ms)
  Rendered layouts/_shim.html.erb (0.7ms)
  Rendered layouts/_header.html.erb (1.0ms)
  Rendered layouts/_footer.html.erb (0.4ms)
Completed 200 OK in 11ms (Views: 11.0ms | ActiveRecord: 0.0ms)


Started GET "/" for 127.0.0.1 at 2014-02-24 21:57:48 -0600
Processing by StaticPagesController#home as HTML
  Rendered static_pages/home.html.erb within layouts/application (0.3ms)
  Rendered layouts/_shim.html.erb (0.0ms)
  Rendered layouts/_header.html.erb (0.3ms)
  Rendered layouts/_footer.html.erb (0.1ms)
Completed 200 OK in 9ms (Views: 8.8ms | ActiveRecord: 0.0ms)


Started GET "/assets/application.css?body=1" for 127.0.0.1 at 2014-02-24 21:57:48 -0600


Started GET "/assets/custom.css?body=1" for 127.0.0.1 at 2014-02-24 21:57:48 -0600


Started GET "/assets/jquery.js?body=1" for 127.0.0.1 at 2014-02-24 21:57:48 -0600


Started GET "/assets/static_pages.css?body=1" for 127.0.0.1 at 2014-02-24 21:57:48 -0600


Started GET "/assets/jquery_ujs.js?body=1" for 127.0.0.1 at 2014-02-24 21:57:48 -0600


Started GET "/assets/turbolinks.js?body=1" for 127.0.0.1 at 2014-02-24 21:57:48 -0600


Started GET "/assets/static_pages.js?body=1" for 127.0.0.1 at 2014-02-24 21:57:48 -0600


Started GET "/assets/application.js?body=1" for 127.0.0.1 at 2014-02-24 21:57:48 -0600


Started GET "/assets/rails.png" for 127.0.0.1 at 2014-02-24 21:57:48 -0600


Started GET "/help" for 127.0.0.1 at 2014-02-24 21:57:49 -0600
Processing by StaticPagesController#help as HTML
  Rendered static_pages/help.html.erb within layouts/application (0.4ms)
  Rendered layouts/_shim.html.erb (0.1ms)
  Rendered layouts/_header.html.erb (0.5ms)
  Rendered layouts/_footer.html.erb (0.2ms)
Completed 200 OK in 9ms (Views: 9.1ms | ActiveRecord: 0.0ms)


Started GET "/help" for 127.0.0.1 at 2014-02-24 21:57:49 -0600
Processing by StaticPagesController#help as HTML
  Rendered static_pages/help.html.erb within layouts/application (0.3ms)
  Rendered layouts/_shim.html.erb (0.0ms)
  Rendered layouts/_header.html.erb (0.3ms)
  Rendered layouts/_footer.html.erb (0.1ms)
Completed 200 OK in 7ms (Views: 6.3ms | ActiveRecord: 0.0ms)


Started GET "/assets/application.css?body=1" for 127.0.0.1 at 2014-02-24 21:57:49 -0600


Started GET "/assets/static_pages.css?body=1" for 127.0.0.1 at 2014-02-24 21:57:49 -0600


Started GET "/assets/turbolinks.js?body=1" for 127.0.0.1 at 2014-02-24 21:57:49 -0600


Started GET "/assets/jquery.js?body=1" for 127.0.0.1 at 2014-02-24 21:57:49 -0600


Started GET "/assets/jquery_ujs.js?body=1" for 127.0.0.1 at 2014-02-24 21:57:49 -0600


Started GET "/assets/custom.css?body=1" for 127.0.0.1 at 2014-02-24 21:57:49 -0600


Started GET "/assets/static_pages.js?body=1" for 127.0.0.1 at 2014-02-24 21:57:49 -0600


Started GET "/assets/application.js?body=1" for 127.0.0.1 at 2014-02-24 21:57:49 -0600


Started GET "/help" for 127.0.0.1 at 2014-02-24 21:57:52 -0600
Processing by StaticPagesController#help as HTML
  Rendered static_pages/help.html.erb within layouts/application (0.1ms)
  Rendered layouts/_shim.html.erb (0.0ms)
  Rendered layouts/_header.html.erb (0.3ms)
  Rendered layouts/_footer.html.erb (0.2ms)
Completed 200 OK in 7ms (Views: 7.1ms | ActiveRecord: 0.0ms)


Started GET "/help" for 127.0.0.1 at 2014-02-24 21:57:52 -0600
Processing by StaticPagesController#help as HTML
  Rendered static_pages/help.html.erb within layouts/application (0.1ms)
  Rendered layouts/_shim.html.erb (0.0ms)
  Rendered layouts/_header.html.erb (0.2ms)
  Rendered layouts/_footer.html.erb (0.1ms)
Completed 200 OK in 8ms (Views: 7.8ms | ActiveRecord: 0.0ms)


Started GET "/assets/application.css?body=1" for 127.0.0.1 at 2014-02-24 21:57:52 -0600


Started GET "/assets/custom.css?body=1" for 127.0.0.1 at 2014-02-24 21:57:52 -0600


Started GET "/assets/turbolinks.js?body=1" for 127.0.0.1 at 2014-02-24 21:57:52 -0600


Started GET "/assets/jquery_ujs.js?body=1" for 127.0.0.1 at 2014-02-24 21:57:52 -0600


Started GET "/assets/static_pages.css?body=1" for 127.0.0.1 at 2014-02-24 21:57:52 -0600


Started GET "/assets/jquery.js?body=1" for 127.0.0.1 at 2014-02-24 21:57:52 -0600


Started GET "/assets/static_pages.js?body=1" for 127.0.0.1 at 2014-02-24 21:57:52 -0600


Started GET "/assets/application.js?body=1" for 127.0.0.1 at 2014-02-24 21:57:52 -0600


Started GET "/" for 127.0.0.1 at 2014-02-24 21:57:53 -0600
Processing by StaticPagesController#home as HTML
  Rendered static_pages/home.html.erb within layouts/application (0.2ms)
  Rendered layouts/_shim.html.erb (0.0ms)
  Rendered layouts/_header.html.erb (0.3ms)
  Rendered layouts/_footer.html.erb (0.1ms)
Completed 200 OK in 38ms (Views: 38.2ms | ActiveRecord: 0.0ms)


Started GET "/" for 127.0.0.1 at 2014-02-24 21:57:53 -0600
Processing by StaticPagesController#home as HTML
  Rendered static_pages/home.html.erb within layouts/application (0.2ms)
  Rendered layouts/_shim.html.erb (0.0ms)
  Rendered layouts/_header.html.erb (0.2ms)
  Rendered layouts/_footer.html.erb (0.1ms)
Completed 200 OK in 6ms (Views: 6.1ms | ActiveRecord: 0.0ms)


Started GET "/assets/application.css?body=1" for 127.0.0.1 at 2014-02-24 21:57:53 -0600


Started GET "/assets/static_pages.css?body=1" for 127.0.0.1 at 2014-02-24 21:57:53 -0600


Started GET "/assets/turbolinks.js?body=1" for 127.0.0.1 at 2014-02-24 21:57:53 -0600


Started GET "/assets/jquery_ujs.js?body=1" for 127.0.0.1 at 2014-02-24 21:57:53 -0600


Started GET "/assets/jquery.js?body=1" for 127.0.0.1 at 2014-02-24 21:57:53 -0600


Started GET "/assets/custom.css?body=1" for 127.0.0.1 at 2014-02-24 21:57:53 -0600


Started GET "/assets/static_pages.js?body=1" for 127.0.0.1 at 2014-02-24 21:57:53 -0600


Started GET "/assets/application.js?body=1" for 127.0.0.1 at 2014-02-24 21:57:53 -0600


Started GET "/assets/rails.png" for 127.0.0.1 at 2014-02-24 21:57:53 -0600


Started GET "/" for 127.0.0.1 at 2014-02-24 21:57:56 -0600
Processing by StaticPagesController#home as HTML
  Rendered static_pages/home.html.erb within layouts/application (0.3ms)
  Rendered layouts/_shim.html.erb (0.0ms)
  Rendered layouts/_header.html.erb (0.2ms)
  Rendered layouts/_footer.html.erb (0.1ms)
Completed 200 OK in 9ms (Views: 9.1ms | ActiveRecord: 0.0ms)


Started GET "/" for 127.0.0.1 at 2014-02-24 21:57:56 -0600
Processing by StaticPagesController#home as HTML
  Rendered static_pages/home.html.erb within layouts/application (0.2ms)
  Rendered layouts/_shim.html.erb (0.0ms)
  Rendered layouts/_header.html.erb (0.2ms)
  Rendered layouts/_footer.html.erb (0.1ms)
Completed 200 OK in 7ms (Views: 6.3ms | ActiveRecord: 0.0ms)


Started GET "/assets/application.css?body=1" for 127.0.0.1 at 2014-02-24 21:57:56 -0600


Started GET "/assets/custom.css?body=1" for 127.0.0.1 at 2014-02-24 21:57:56 -0600


Started GET "/assets/turbolinks.js?body=1" for 127.0.0.1 at 2014-02-24 21:57:56 -0600


Started GET "/assets/jquery.js?body=1" for 127.0.0.1 at 2014-02-24 21:57:56 -0600


Started GET "/assets/static_pages.css?body=1" for 127.0.0.1 at 2014-02-24 21:57:56 -0600


Started GET "/assets/jquery_ujs.js?body=1" for 127.0.0.1 at 2014-02-24 21:57:56 -0600


Started GET "/assets/static_pages.js?body=1" for 127.0.0.1 at 2014-02-24 21:57:56 -0600


Started GET "/assets/application.js?body=1" for 127.0.0.1 at 2014-02-24 21:57:56 -0600


Started GET "/assets/rails.png" for 127.0.0.1 at 2014-02-24 21:57:56 -0600


Started GET "/" for 127.0.0.1 at 2014-02-24 22:54:14 -0600
Processing by StaticPagesController#home as HTML
  Rendered static_pages/home.html.erb within layouts/application (3.2ms)
  Rendered layouts/_shim.html.erb (0.3ms)
  Rendered layouts/_header.html.erb (0.7ms)
  Rendered layouts/_footer.html.erb (0.4ms)
Completed 200 OK in 215ms (Views: 214.3ms | ActiveRecord: 0.0ms)


Started GET "/assets/application.css?body=1" for 127.0.0.1 at 2014-02-24 22:54:14 -0600


Started GET "/assets/static_pages.css?body=1" for 127.0.0.1 at 2014-02-24 22:54:14 -0600


Started GET "/assets/custom.css?body=1" for 127.0.0.1 at 2014-02-24 22:54:14 -0600


Started GET "/assets/jquery_ujs.js?body=1" for 127.0.0.1 at 2014-02-24 22:54:14 -0600


Started GET "/assets/users.css?body=1" for 127.0.0.1 at 2014-02-24 22:54:14 -0600


Started GET "/assets/jquery.js?body=1" for 127.0.0.1 at 2014-02-24 22:54:14 -0600


Started GET "/assets/turbolinks.js?body=1" for 127.0.0.1 at 2014-02-24 22:54:14 -0600


Started GET "/assets/static_pages.js?body=1" for 127.0.0.1 at 2014-02-24 22:54:14 -0600


Started GET "/assets/users.js?body=1" for 127.0.0.1 at 2014-02-24 22:54:14 -0600


Started GET "/assets/application.js?body=1" for 127.0.0.1 at 2014-02-24 22:54:14 -0600


Started GET "/assets/rails.png" for 127.0.0.1 at 2014-02-24 22:54:14 -0600


Started GET "/signup" for 127.0.0.1 at 2014-02-24 22:54:16 -0600
Processing by UsersController#new as HTML
  Rendered users/new.html.erb within layouts/application (0.4ms)
  Rendered layouts/_shim.html.erb (0.3ms)
  Rendered layouts/_header.html.erb (0.7ms)
  Rendered layouts/_footer.html.erb (0.6ms)
Completed 200 OK in 10ms (Views: 9.5ms | ActiveRecord: 0.0ms)


Started GET "/signup" for 127.0.0.1 at 2014-02-24 22:54:16 -0600
Processing by UsersController#new as HTML
  Rendered users/new.html.erb within layouts/application (0.3ms)
  Rendered layouts/_shim.html.erb (0.0ms)
  Rendered layouts/_header.html.erb (0.3ms)
  Rendered layouts/_footer.html.erb (0.1ms)
Completed 200 OK in 7ms (Views: 6.7ms | ActiveRecord: 0.0ms)


Started GET "/assets/application.css?body=1" for 127.0.0.1 at 2014-02-24 22:54:17 -0600


Started GET "/assets/jquery_ujs.js?body=1" for 127.0.0.1 at 2014-02-24 22:54:17 -0600


Started GET "/assets/static_pages.css?body=1" for 127.0.0.1 at 2014-02-24 22:54:17 -0600


Started GET "/assets/jquery.js?body=1" for 127.0.0.1 at 2014-02-24 22:54:17 -0600


Started GET "/assets/custom.css?body=1" for 127.0.0.1 at 2014-02-24 22:54:17 -0600


Started GET "/assets/turbolinks.js?body=1" for 127.0.0.1 at 2014-02-24 22:54:17 -0600


Started GET "/assets/users.css?body=1" for 127.0.0.1 at 2014-02-24 22:54:17 -0600


Started GET "/assets/static_pages.js?body=1" for 127.0.0.1 at 2014-02-24 22:54:17 -0600


Started GET "/assets/users.js?body=1" for 127.0.0.1 at 2014-02-24 22:54:17 -0600


Started GET "/assets/application.js?body=1" for 127.0.0.1 at 2014-02-24 22:54:17 -0600
  [1m[36mActiveRecord::SchemaMigration Load (2.1ms)[0m  [1mSELECT "schema_migrations".* FROM "schema_migrations"[0m
Migrating to CreateUsers (20140304055111)
  [1m[35m (0.1ms)[0m  BEGIN
  [1m[36m (32.7ms)[0m  [1mCREATE TABLE "users" ("id" serial primary key, "name" character varying(255), "email" character varying(255), "created_at" timestamp, "updated_at" timestamp) [0m
  [1m[35mSQL (1.2ms)[0m  INSERT INTO "schema_migrations" ("version") VALUES ($1)  [["version", "20140304055111"]]
  [1m[36m (65.3ms)[0m  [1mCOMMIT[0m
  [1m[35mActiveRecord::SchemaMigration Load (0.2ms)[0m  SELECT "schema_migrations".* FROM "schema_migrations"
  [1m[36mActiveRecord::SchemaMigration Load (0.4ms)[0m  [1mSELECT "schema_migrations".* FROM "schema_migrations"[0m
  [1m[35mActiveRecord::SchemaMigration Load (0.2ms)[0m  SELECT "schema_migrations".* FROM "schema_migrations"
Migrating to CreateUsers (20140304055111)
  [1m[36m (0.1ms)[0m  [1mBEGIN[0m
  [1m[35m (6.6ms)[0m  DROP TABLE "users"
  [1m[36mSQL (1.9ms)[0m  [1mDELETE FROM "schema_migrations" WHERE "schema_migrations"."version" = '20140304055111'[0m
  [1m[35m (1.4ms)[0m  COMMIT
  [1m[36mActiveRecord::SchemaMigration Load (0.2ms)[0m  [1mSELECT "schema_migrations".* FROM "schema_migrations"[0m
  [1m[36mActiveRecord::SchemaMigration Load (0.3ms)[0m  [1mSELECT "schema_migrations".* FROM "schema_migrations"[0m
Migrating to CreateUsers (20140304055111)
  [1m[35m (0.1ms)[0m  BEGIN
  [1m[36m (6.4ms)[0m  [1mCREATE TABLE "users" ("id" serial primary key, "name" character varying(255), "email" character varying(255), "created_at" timestamp, "updated_at" timestamp) [0m
  [1m[35mSQL (0.6ms)[0m  INSERT INTO "schema_migrations" ("version") VALUES ($1)  [["version", "20140304055111"]]
  [1m[36m (0.5ms)[0m  [1mCOMMIT[0m
  [1m[35mActiveRecord::SchemaMigration Load (0.2ms)[0m  SELECT "schema_migrations".* FROM "schema_migrations"
  [1m[36m (0.4ms)[0m  [1mBEGIN[0m
  [1m[35m (0.6ms)[0m  SAVEPOINT active_record_1
  [1m[36mSQL (23.5ms)[0m  [1mINSERT INTO "users" ("created_at", "email", "name", "updated_at") VALUES ($1, $2, $3, $4) RETURNING "id"[0m  [["created_at", Tue, 04 Mar 2014 10:26:20 UTC +00:00], ["email", "tsui3@wisc.edu"], ["name", "Tianbo"], ["updated_at", Tue, 04 Mar 2014 10:26:20 UTC +00:00]]
  [1m[35m (0.1ms)[0m  RELEASE SAVEPOINT active_record_1
  [1m[36m (0.3ms)[0m  [1mSAVEPOINT active_record_1[0m
  [1m[35mSQL (0.8ms)[0m  INSERT INTO "users" ("created_at", "email", "name", "updated_at") VALUES ($1, $2, $3, $4) RETURNING "id"  [["created_at", Tue, 04 Mar 2014 10:30:37 UTC +00:00], ["email", "another@XXX.com"], ["name", "A Nother"], ["updated_at", Tue, 04 Mar 2014 10:30:37 UTC +00:00]]
  [1m[36m (0.2ms)[0m  [1mRELEASE SAVEPOINT active_record_1[0m
  [1m[35m (0.2ms)[0m  SAVEPOINT active_record_1
  [1m[36mSQL (0.6ms)[0m  [1mINSERT INTO "users" ("created_at", "email", "name", "updated_at") VALUES ($1, $2, $3, $4) RETURNING "id"[0m  [["created_at", Tue, 04 Mar 2014 10:31:20 UTC +00:00], ["email", "foo@bar.com"], ["name", "Foo"], ["updated_at", Tue, 04 Mar 2014 10:31:20 UTC +00:00]]
  [1m[35m (0.2ms)[0m  RELEASE SAVEPOINT active_record_1
  [1m[36m (0.2ms)[0m  [1mSAVEPOINT active_record_1[0m
  [1m[35mSQL (1.3ms)[0m  DELETE FROM "users" WHERE "users"."id" = $1  [["id", 3]]
  [1m[36m (0.1ms)[0m  [1mRELEASE SAVEPOINT active_record_1[0m
  [1m[35mUser Load (1.0ms)[0m  SELECT "users".* FROM "users" WHERE "users"."id" = $1 LIMIT 1  [["id", 1]]
  [1m[36mUser Load (0.5ms)[0m  [1mSELECT "users".* FROM "users" WHERE "users"."id" = $1 LIMIT 1[0m  [["id", 3]]
  [1m[35mUser Load (1.0ms)[0m  SELECT "users".* FROM "users" WHERE "users"."email" = 'another@XXX.com' LIMIT 1
  [1m[36mUser Load (0.5ms)[0m  [1mSELECT "users".* FROM "users" WHERE "users"."email" = 'tsui3@wisc.edu' LIMIT 1[0m
  [1m[35mUser Load (1.0ms)[0m  SELECT "users".* FROM "users" ORDER BY "users"."id" ASC LIMIT 1
  [1m[36mUser Load (0.4ms)[0m  [1mSELECT "users".* FROM "users"[0m
  [1m[35m (0.2ms)[0m  SAVEPOINT active_record_1
  [1m[36mSQL (1.4ms)[0m  [1mUPDATE "users" SET "email" = $1, "updated_at" = $2 WHERE "users"."id" = 1[0m  [["email", "tianbo@cs.wisc.edu"], ["updated_at", Tue, 04 Mar 2014 10:37:48 UTC +00:00]]
  [1m[35m (0.1ms)[0m  RELEASE SAVEPOINT active_record_1
  [1m[36mUser Load (0.4ms)[0m  [1mSELECT "users".* FROM "users" WHERE "users"."id" = $1 LIMIT 1[0m  [["id", 1]]
  [1m[35m (0.2ms)[0m  SAVEPOINT active_record_1
  [1m[36mSQL (0.7ms)[0m  [1mUPDATE "users" SET "name" = $1, "updated_at" = $2 WHERE "users"."id" = 1[0m  [["name", "The Dude"], ["updated_at", Tue, 04 Mar 2014 10:40:28 UTC +00:00]]
  [1m[35m (0.1ms)[0m  RELEASE SAVEPOINT active_record_1
  [1m[36m (0.6ms)[0m  [1mROLLBACK[0m
  [1m[36mActiveRecord::SchemaMigration Load (1.8ms)[0m  [1mSELECT "schema_migrations".* FROM "schema_migrations"[0m
  [1m[35mActiveRecord::SchemaMigration Load (0.2ms)[0m  SELECT "schema_migrations".* FROM "schema_migrations"
  [1m[36m (252.0ms)[0m  [1mDROP DATABASE IF EXISTS "Sui"[0m
  [1m[35m (330.1ms)[0m  CREATE DATABASE "Sui" ENCODING = 'unicode'
  [1m[36mSQL (2.0ms)[0m  [1mCREATE EXTENSION IF NOT EXISTS "plpgsql"[0m
  [1m[35m (15.2ms)[0m  CREATE TABLE "users" ("id" serial primary key, "name" character varying(255), "email" character varying(255), "created_at" timestamp, "updated_at" timestamp) 
  [1m[36m (1.1ms)[0m  [1mCREATE TABLE "schema_migrations" ("version" character varying(255) NOT NULL) [0m
  [1m[35m (1.4ms)[0m  CREATE UNIQUE INDEX "unique_schema_migrations" ON "schema_migrations" ("version")
  [1m[36m (0.5ms)[0m  [1mSELECT version FROM "schema_migrations"[0m
  [1m[35m (0.8ms)[0m  INSERT INTO "schema_migrations" (version) VALUES ('20140304055111')
  [1m[36mActiveRecord::SchemaMigration Load (0.4ms)[0m  [1mSELECT "schema_migrations".* FROM "schema_migrations"[0m
  [1m[36m (0.1ms)[0m  [1mBEGIN[0m
  [1m[35m (0.6ms)[0m  ROLLBACK
  [1m[36m (0.1ms)[0m  [1mBEGIN[0m
  [1m[35m (1.4ms)[0m  SAVEPOINT active_record_1
  [1m[36m (0.6ms)[0m  [1mROLLBACK TO SAVEPOINT active_record_1[0m
  [1m[35m (0.1ms)[0m  SAVEPOINT active_record_1
  [1m[36m (0.2ms)[0m  [1mROLLBACK TO SAVEPOINT active_record_1[0m
  [1m[35m (0.3ms)[0m  ROLLBACK
  [1m[36m (0.1ms)[0m  [1mBEGIN[0m
  [1m[35m (0.1ms)[0m  SAVEPOINT active_record_1
  [1m[36mUser Exists (2.5ms)[0m  [1mSELECT 1 AS one FROM "users" WHERE "users"."email" = 'user@example.com' LIMIT 1[0m
  [1m[35mSQL (11.5ms)[0m  INSERT INTO "users" ("created_at", "email", "name", "updated_at") VALUES ($1, $2, $3, $4) RETURNING "id"  [["created_at", Thu, 06 Mar 2014 06:24:13 UTC +00:00], ["email", "user@example.com"], ["name", "Example User"], ["updated_at", Thu, 06 Mar 2014 06:24:13 UTC +00:00]]
  [1m[36m (0.1ms)[0m  [1mRELEASE SAVEPOINT active_record_1[0m
  [1m[35mUser Exists (1.3ms)[0m  SELECT 1 AS one FROM "users" WHERE "users"."email" = 'USER@EXAMPLE.COM' LIMIT 1
  [1m[36mUser Exists (0.4ms)[0m  [1mSELECT 1 AS one FROM "users" WHERE "users"."email" = 'USER@EXAMPLE.COM' LIMIT 1[0m
  [1m[35m (0.5ms)[0m  ROLLBACK
  [1m[36mActiveRecord::SchemaMigration Load (0.4ms)[0m  [1mSELECT "schema_migrations".* FROM "schema_migrations"[0m
Migrating to AddIndexToUsersEmail (20140306063247)
  [1m[35m (0.1ms)[0m  BEGIN
  [1m[36m (3.1ms)[0m  [1mCREATE UNIQUE INDEX "index_users_on_email" ON "users" ("email")[0m
  [1m[35mSQL (1.1ms)[0m  INSERT INTO "schema_migrations" ("version") VALUES ($1)  [["version", "20140306063247"]]
  [1m[36m (0.4ms)[0m  [1mCOMMIT[0m
  [1m[35mActiveRecord::SchemaMigration Load (0.2ms)[0m  SELECT "schema_migrations".* FROM "schema_migrations"
  [1m[36mActiveRecord::SchemaMigration Load (0.4ms)[0m  [1mSELECT "schema_migrations".* FROM "schema_migrations"[0m
Migrating to AddPasswordDigestToUsers (20140306071635)
  [1m[35m (0.1ms)[0m  BEGIN
  [1m[36m (3.6ms)[0m  [1mALTER TABLE "users" ADD COLUMN "password_digest" character varying(255)[0m
  [1m[35mSQL (0.6ms)[0m  INSERT INTO "schema_migrations" ("version") VALUES ($1)  [["version", "20140306071635"]]
  [1m[36m (0.4ms)[0m  [1mCOMMIT[0m
  [1m[35mActiveRecord::SchemaMigration Load (0.2ms)[0m  SELECT "schema_migrations".* FROM "schema_migrations"
  [1m[36m (233.1ms)[0m  [1mDROP DATABASE IF EXISTS "Sui"[0m
  [1m[35m (325.0ms)[0m  CREATE DATABASE "Sui" ENCODING = 'unicode'
  [1m[36mSQL (1.4ms)[0m  [1mCREATE EXTENSION IF NOT EXISTS "plpgsql"[0m
  [1m[35m (7.1ms)[0m  CREATE TABLE "users" ("id" serial primary key, "name" character varying(255), "email" character varying(255), "created_at" timestamp, "updated_at" timestamp, "password_digest" character varying(255)) 
  [1m[36m (1.8ms)[0m  [1mCREATE UNIQUE INDEX "index_users_on_email" ON "users" USING btree ("email")[0m
  [1m[35m (1.1ms)[0m  CREATE TABLE "schema_migrations" ("version" character varying(255) NOT NULL) 
  [1m[36m (1.2ms)[0m  [1mCREATE UNIQUE INDEX "unique_schema_migrations" ON "schema_migrations" ("version")[0m
  [1m[35m (0.4ms)[0m  SELECT version FROM "schema_migrations"
  [1m[36m (0.6ms)[0m  [1mINSERT INTO "schema_migrations" (version) VALUES ('20140306071635')[0m
  [1m[35m (0.4ms)[0m  INSERT INTO "schema_migrations" (version) VALUES ('20140304055111')
  [1m[36m (0.3ms)[0m  [1mINSERT INTO "schema_migrations" (version) VALUES ('20140306063247')[0m
  [1m[35mActiveRecord::SchemaMigration Load (0.2ms)[0m  SELECT "schema_migrations".* FROM "schema_migrations"
  [1m[36m (0.1ms)[0m  [1mBEGIN[0m
  [1m[35mUser Exists (0.7ms)[0m  SELECT 1 AS one FROM "users" WHERE LOWER("users"."email") = LOWER('tianbo@gmail.com') LIMIT 1
  [1m[36mSQL (3.0ms)[0m  [1mINSERT INTO "users" ("created_at", "email", "name", "password_digest", "updated_at") VALUES ($1, $2, $3, $4, $5) RETURNING "id"[0m  [["created_at", Thu, 06 Mar 2014 08:54:32 UTC +00:00], ["email", "tianbo@gmail.com"], ["name", "Tianbo Sui"], ["password_digest", "$2a$10$hHqW/QfQ6nLrPweiIhfJ3eF28p5y1XIw87FmGrjcxML6ZsBKpuNNi"], ["updated_at", Thu, 06 Mar 2014 08:54:32 UTC +00:00]]
  [1m[35m (0.4ms)[0m  COMMIT
  [1m[36m (0.2ms)[0m  [1mBEGIN[0m
  [1m[35mUser Exists (0.3ms)[0m  SELECT 1 AS one FROM "users" WHERE LOWER("users"."email") = LOWER('tbo@gmail.com') LIMIT 1
  [1m[36mSQL (0.4ms)[0m  [1mINSERT INTO "users" ("created_at", "email", "name", "password_digest", "updated_at") VALUES ($1, $2, $3, $4, $5) RETURNING "id"[0m  [["created_at", Thu, 06 Mar 2014 08:56:19 UTC +00:00], ["email", "tbo@gmail.com"], ["name", "Tianbo Su"], ["password_digest", "$2a$10$K5Ey9VqOHBECHH9kG0XvwOY0LXAZMFSPz7gX.w/BBeMGfnD7YEFj."], ["updated_at", Thu, 06 Mar 2014 08:56:19 UTC +00:00]]
  [1m[35m (0.9ms)[0m  COMMIT
  [1m[36mUser Load (0.8ms)[0m  [1mSELECT "users".* FROM "users" WHERE "users"."email" = 'tianbo@gmail.com' LIMIT 1[0m
